[2.398s] [34mcolcon[0m [1;30mDEBUG[0m [32mCommand line arguments: ['/usr/bin/colcon', 'build'][0m
[2.398s] [34mcolcon[0m [1;30mDEBUG[0m [32mParsed command line arguments: Namespace(allow_overriding=[], ament_cmake_args=None, base_paths=['.'], build_base='build', catkin_cmake_args=None, catkin_skip_building_tests=False, cmake_args=None, cmake_clean_cache=False, cmake_clean_first=False, cmake_force_configure=False, cmake_target=None, cmake_target_skip_unavailable=False, continue_on_error=False, event_handlers=None, executor='parallel', ignore_user_meta=False, install_base='install', log_base=None, log_level=None, main=<bound method BuildVerb.main of <colcon_core.verb.build.BuildVerb object at 0x7fb9f1621880>>, merge_install=False, metas=['./colcon.meta'], packages_above=None, packages_above_and_dependencies=None, packages_above_depth=None, packages_end=None, packages_ignore=None, packages_ignore_regex=None, packages_select=None, packages_select_build_failed=False, packages_select_by_dep=None, packages_select_regex=None, packages_select_test_failures=False, packages_skip=None, packages_skip_build_finished=False, packages_skip_by_dep=None, packages_skip_regex=None, packages_skip_test_passed=False, packages_skip_up_to=None, packages_start=None, packages_up_to=None, packages_up_to_regex=None, parallel_workers=8, paths=None, symlink_install=False, test_result_base=None, verb_extension=<colcon_core.verb.build.BuildVerb object at 0x7fb9f1621880>, verb_name='build', verb_parser=<colcon_defaults.argument_parser.defaults.DefaultArgumentsDecorator object at 0x7fb9f1624520>)[0m
[2.502s] [34mcolcon.colcon_core.package_discovery[0m [1;30mLevel 1[0m discover_packages(colcon_meta) check parameters
[2.502s] [34mcolcon.colcon_core.package_discovery[0m [1;30mLevel 1[0m discover_packages(recursive) check parameters
[2.502s] [34mcolcon.colcon_core.package_discovery[0m [1;30mLevel 1[0m discover_packages(ignore) check parameters
[2.502s] [34mcolcon.colcon_core.package_discovery[0m [1;30mLevel 1[0m discover_packages(path) check parameters
[2.502s] [34mcolcon.colcon_core.package_discovery[0m [1;30mLevel 1[0m discover_packages(colcon_meta) discover
[2.502s] [34mcolcon.colcon_core.package_discovery[0m [1;30mLevel 1[0m discover_packages(recursive) discover
[2.502s] [34mcolcon.colcon_core.package_discovery[0m [1;30mINFO[0m Crawling recursively for packages in '/home/malay/pluto_ros2/src/pluto-ros2-package'
[2.502s] [34mcolcon.colcon_core.package_identification[0m [1;30mLevel 1[0m _identify(.) by extensions ['ignore', 'ignore_ament_install']
[2.502s] [34mcolcon.colcon_core.package_identification[0m [1;30mLevel 1[0m _identify(.) by extension 'ignore'
[2.502s] [34mcolcon.colcon_core.package_identification[0m [1;30mLevel 1[0m _identify(.) by extension 'ignore_ament_install'
[2.502s] [34mcolcon.colcon_core.package_identification[0m [1;30mLevel 1[0m _identify(.) by extensions ['colcon_pkg']
[2.502s] [34mcolcon.colcon_core.package_identification[0m [1;30mLevel 1[0m _identify(.) by extension 'colcon_pkg'
[2.502s] [34mcolcon.colcon_core.package_identification[0m [1;30mLevel 1[0m _identify(.) by extensions ['colcon_meta']
[2.502s] [34mcolcon.colcon_core.package_identification[0m [1;30mLevel 1[0m _identify(.) by extension 'colcon_meta'
[2.502s] [34mcolcon.colcon_core.package_identification[0m [1;30mLevel 1[0m _identify(.) by extensions ['ros']
[2.502s] [34mcolcon.colcon_core.package_identification[0m [1;30mLevel 1[0m _identify(.) by extension 'ros'
[2.514s] [34mcolcon.colcon_core.package_identification[0m [1;30mLevel 1[0m _identify(.) by extensions ['cmake', 'python']
[2.514s] [34mcolcon.colcon_core.package_identification[0m [1;30mLevel 1[0m _identify(.) by extension 'cmake'
[2.514s] [34mcolcon.colcon_core.package_identification[0m [1;30mLevel 1[0m _identify(.) by extension 'python'
[2.514s] [34mcolcon.colcon_core.package_identification[0m [1;30mLevel 1[0m _identify(.) by extensions ['python_setup_py']
[2.514s] [34mcolcon.colcon_core.package_identification[0m [1;30mLevel 1[0m _identify(.) by extension 'python_setup_py'
[2.514s] [34mcolcon.colcon_core.package_identification[0m [1;30mLevel 1[0m _identify(build) by extensions ['ignore', 'ignore_ament_install']
[2.514s] [34mcolcon.colcon_core.package_identification[0m [1;30mLevel 1[0m _identify(build) by extension 'ignore'
[2.514s] [34mcolcon.colcon_core.package_identification[0m [1;30mLevel 1[0m _identify(build) ignored
[2.515s] [34mcolcon.colcon_core.package_identification[0m [1;30mLevel 1[0m _identify(custom_msgs) by extensions ['ignore', 'ignore_ament_install']
[2.515s] [34mcolcon.colcon_core.package_identification[0m [1;30mLevel 1[0m _identify(custom_msgs) by extension 'ignore'
[2.515s] [34mcolcon.colcon_core.package_identification[0m [1;30mLevel 1[0m _identify(custom_msgs) by extension 'ignore_ament_install'
[2.515s] [34mcolcon.colcon_core.package_identification[0m [1;30mLevel 1[0m _identify(custom_msgs) by extensions ['colcon_pkg']
[2.515s] [34mcolcon.colcon_core.package_identification[0m [1;30mLevel 1[0m _identify(custom_msgs) by extension 'colcon_pkg'
[2.515s] [34mcolcon.colcon_core.package_identification[0m [1;30mLevel 1[0m _identify(custom_msgs) by extensions ['colcon_meta']
[2.515s] [34mcolcon.colcon_core.package_identification[0m [1;30mLevel 1[0m _identify(custom_msgs) by extension 'colcon_meta'
[2.515s] [34mcolcon.colcon_core.package_identification[0m [1;30mLevel 1[0m _identify(custom_msgs) by extensions ['ros']
[2.515s] [34mcolcon.colcon_core.package_identification[0m [1;30mLevel 1[0m _identify(custom_msgs) by extension 'ros'
[2.517s] [34mcolcon.colcon_core.package_identification[0m [1;30mDEBUG[0m [32mPackage 'custom_msgs' with type 'ros.ament_cmake' and name 'custom_msgs'[0m
[2.517s] [34mcolcon.colcon_core.package_identification[0m [1;30mLevel 1[0m _identify(install) by extensions ['ignore', 'ignore_ament_install']
[2.517s] [34mcolcon.colcon_core.package_identification[0m [1;30mLevel 1[0m _identify(install) by extension 'ignore'
[2.518s] [34mcolcon.colcon_core.package_identification[0m [1;30mLevel 1[0m _identify(install) ignored
[2.518s] [34mcolcon.colcon_core.package_identification[0m [1;30mLevel 1[0m _identify(log) by extensions ['ignore', 'ignore_ament_install']
[2.518s] [34mcolcon.colcon_core.package_identification[0m [1;30mLevel 1[0m _identify(log) by extension 'ignore'
[2.518s] [34mcolcon.colcon_core.package_identification[0m [1;30mLevel 1[0m _identify(log) ignored
[2.518s] [34mcolcon.colcon_core.package_identification[0m [1;30mLevel 1[0m _identify(plutodrone) by extensions ['ignore', 'ignore_ament_install']
[2.518s] [34mcolcon.colcon_core.package_identification[0m [1;30mLevel 1[0m _identify(plutodrone) by extension 'ignore'
[2.518s] [34mcolcon.colcon_core.package_identification[0m [1;30mLevel 1[0m _identify(plutodrone) by extension 'ignore_ament_install'
[2.518s] [34mcolcon.colcon_core.package_identification[0m [1;30mLevel 1[0m _identify(plutodrone) by extensions ['colcon_pkg']
[2.518s] [34mcolcon.colcon_core.package_identification[0m [1;30mLevel 1[0m _identify(plutodrone) by extension 'colcon_pkg'
[2.518s] [34mcolcon.colcon_core.package_identification[0m [1;30mLevel 1[0m _identify(plutodrone) by extensions ['colcon_meta']
[2.518s] [34mcolcon.colcon_core.package_identification[0m [1;30mLevel 1[0m _identify(plutodrone) by extension 'colcon_meta'
[2.518s] [34mcolcon.colcon_core.package_identification[0m [1;30mLevel 1[0m _identify(plutodrone) by extensions ['ros']
[2.518s] [34mcolcon.colcon_core.package_identification[0m [1;30mLevel 1[0m _identify(plutodrone) by extension 'ros'
[2.518s] [34mcolcon.colcon_core.package_identification[0m [1;30mDEBUG[0m [32mPackage 'plutodrone' with type 'ros.ament_python' and name 'plutodrone'[0m
[2.518s] [34mcolcon.colcon_core.package_identification[0m [1;30mLevel 1[0m _identify(plutoserver) by extensions ['ignore', 'ignore_ament_install']
[2.519s] [34mcolcon.colcon_core.package_identification[0m [1;30mLevel 1[0m _identify(plutoserver) by extension 'ignore'
[2.519s] [34mcolcon.colcon_core.package_identification[0m [1;30mLevel 1[0m _identify(plutoserver) by extension 'ignore_ament_install'
[2.519s] [34mcolcon.colcon_core.package_identification[0m [1;30mLevel 1[0m _identify(plutoserver) by extensions ['colcon_pkg']
[2.519s] [34mcolcon.colcon_core.package_identification[0m [1;30mLevel 1[0m _identify(plutoserver) by extension 'colcon_pkg'
[2.519s] [34mcolcon.colcon_core.package_identification[0m [1;30mLevel 1[0m _identify(plutoserver) by extensions ['colcon_meta']
[2.519s] [34mcolcon.colcon_core.package_identification[0m [1;30mLevel 1[0m _identify(plutoserver) by extension 'colcon_meta'
[2.519s] [34mcolcon.colcon_core.package_identification[0m [1;30mLevel 1[0m _identify(plutoserver) by extensions ['ros']
[2.519s] [34mcolcon.colcon_core.package_identification[0m [1;30mLevel 1[0m _identify(plutoserver) by extension 'ros'
[2.519s] [34mcolcon.colcon_core.package_identification[0m [1;30mDEBUG[0m [32mPackage 'plutoserver' with type 'ros.ament_python' and name 'plutoserver'[0m
[2.519s] [34mcolcon.colcon_core.package_discovery[0m [1;30mLevel 1[0m discover_packages(recursive) using defaults
[2.519s] [34mcolcon.colcon_core.package_discovery[0m [1;30mLevel 1[0m discover_packages(ignore) discover
[2.519s] [34mcolcon.colcon_core.package_discovery[0m [1;30mLevel 1[0m discover_packages(ignore) using defaults
[2.519s] [34mcolcon.colcon_core.package_discovery[0m [1;30mLevel 1[0m discover_packages(path) discover
[2.519s] [34mcolcon.colcon_core.package_discovery[0m [1;30mLevel 1[0m discover_packages(path) using defaults
[2.767s] [34mcolcon.colcon_core.package_discovery[0m [1;30mLevel 1[0m discover_packages(prefix_path) check parameters
[2.767s] [34mcolcon.colcon_core.package_discovery[0m [1;30mLevel 1[0m discover_packages(prefix_path) discover
[2.857s] [34mcolcon.colcon_installed_package_information.package_discovery[0m [1;30mDEBUG[0m [32mFound 263 installed packages in /opt/ros/foxy[0m
[2.859s] [34mcolcon.colcon_core.package_discovery[0m [1;30mLevel 1[0m discover_packages(prefix_path) using defaults
[3.049s] [34mcolcon.colcon_core.verb[0m [1;30mLevel 5[0m set package 'custom_msgs' build argument 'cmake_args' from command line to 'None'
[3.049s] [34mcolcon.colcon_core.verb[0m [1;30mLevel 5[0m set package 'custom_msgs' build argument 'cmake_target' from command line to 'None'
[3.049s] [34mcolcon.colcon_core.verb[0m [1;30mLevel 5[0m set package 'custom_msgs' build argument 'cmake_target_skip_unavailable' from command line to 'False'
[3.049s] [34mcolcon.colcon_core.verb[0m [1;30mLevel 5[0m set package 'custom_msgs' build argument 'cmake_clean_cache' from command line to 'False'
[3.049s] [34mcolcon.colcon_core.verb[0m [1;30mLevel 5[0m set package 'custom_msgs' build argument 'cmake_clean_first' from command line to 'False'
[3.049s] [34mcolcon.colcon_core.verb[0m [1;30mLevel 5[0m set package 'custom_msgs' build argument 'cmake_force_configure' from command line to 'False'
[3.049s] [34mcolcon.colcon_core.verb[0m [1;30mLevel 5[0m set package 'custom_msgs' build argument 'ament_cmake_args' from command line to 'None'
[3.049s] [34mcolcon.colcon_core.verb[0m [1;30mLevel 5[0m set package 'custom_msgs' build argument 'catkin_cmake_args' from command line to 'None'
[3.049s] [34mcolcon.colcon_core.verb[0m [1;30mLevel 5[0m set package 'custom_msgs' build argument 'catkin_skip_building_tests' from command line to 'False'
[3.049s] [34mcolcon.colcon_core.verb[0m [1;30mDEBUG[0m [32mBuilding package 'custom_msgs' with the following arguments: {'ament_cmake_args': None, 'build_base': '/home/malay/pluto_ros2/src/pluto-ros2-package/build/custom_msgs', 'catkin_cmake_args': None, 'catkin_skip_building_tests': False, 'cmake_args': None, 'cmake_clean_cache': False, 'cmake_clean_first': False, 'cmake_force_configure': False, 'cmake_target': None, 'cmake_target_skip_unavailable': False, 'install_base': '/home/malay/pluto_ros2/src/pluto-ros2-package/install/custom_msgs', 'merge_install': False, 'path': '/home/malay/pluto_ros2/src/pluto-ros2-package/custom_msgs', 'symlink_install': False, 'test_result_base': None}[0m
[3.096s] [34mcolcon.colcon_core.verb[0m [1;30mLevel 5[0m set package 'plutodrone' build argument 'cmake_args' from command line to 'None'
[3.096s] [34mcolcon.colcon_core.verb[0m [1;30mLevel 5[0m set package 'plutodrone' build argument 'cmake_target' from command line to 'None'
[3.096s] [34mcolcon.colcon_core.verb[0m [1;30mLevel 5[0m set package 'plutodrone' build argument 'cmake_target_skip_unavailable' from command line to 'False'
[3.096s] [34mcolcon.colcon_core.verb[0m [1;30mLevel 5[0m set package 'plutodrone' build argument 'cmake_clean_cache' from command line to 'False'
[3.096s] [34mcolcon.colcon_core.verb[0m [1;30mLevel 5[0m set package 'plutodrone' build argument 'cmake_clean_first' from command line to 'False'
[3.096s] [34mcolcon.colcon_core.verb[0m [1;30mLevel 5[0m set package 'plutodrone' build argument 'cmake_force_configure' from command line to 'False'
[3.096s] [34mcolcon.colcon_core.verb[0m [1;30mLevel 5[0m set package 'plutodrone' build argument 'ament_cmake_args' from command line to 'None'
[3.096s] [34mcolcon.colcon_core.verb[0m [1;30mLevel 5[0m set package 'plutodrone' build argument 'catkin_cmake_args' from command line to 'None'
[3.096s] [34mcolcon.colcon_core.verb[0m [1;30mLevel 5[0m set package 'plutodrone' build argument 'catkin_skip_building_tests' from command line to 'False'
[3.096s] [34mcolcon.colcon_core.verb[0m [1;30mDEBUG[0m [32mBuilding package 'plutodrone' with the following arguments: {'ament_cmake_args': None, 'build_base': '/home/malay/pluto_ros2/src/pluto-ros2-package/build/plutodrone', 'catkin_cmake_args': None, 'catkin_skip_building_tests': False, 'cmake_args': None, 'cmake_clean_cache': False, 'cmake_clean_first': False, 'cmake_force_configure': False, 'cmake_target': None, 'cmake_target_skip_unavailable': False, 'install_base': '/home/malay/pluto_ros2/src/pluto-ros2-package/install/plutodrone', 'merge_install': False, 'path': '/home/malay/pluto_ros2/src/pluto-ros2-package/plutodrone', 'symlink_install': False, 'test_result_base': None}[0m
[3.143s] [34mcolcon.colcon_core.verb[0m [1;30mLevel 5[0m set package 'plutoserver' build argument 'cmake_args' from command line to 'None'
[3.143s] [34mcolcon.colcon_core.verb[0m [1;30mLevel 5[0m set package 'plutoserver' build argument 'cmake_target' from command line to 'None'
[3.143s] [34mcolcon.colcon_core.verb[0m [1;30mLevel 5[0m set package 'plutoserver' build argument 'cmake_target_skip_unavailable' from command line to 'False'
[3.143s] [34mcolcon.colcon_core.verb[0m [1;30mLevel 5[0m set package 'plutoserver' build argument 'cmake_clean_cache' from command line to 'False'
[3.143s] [34mcolcon.colcon_core.verb[0m [1;30mLevel 5[0m set package 'plutoserver' build argument 'cmake_clean_first' from command line to 'False'
[3.143s] [34mcolcon.colcon_core.verb[0m [1;30mLevel 5[0m set package 'plutoserver' build argument 'cmake_force_configure' from command line to 'False'
[3.143s] [34mcolcon.colcon_core.verb[0m [1;30mLevel 5[0m set package 'plutoserver' build argument 'ament_cmake_args' from command line to 'None'
[3.143s] [34mcolcon.colcon_core.verb[0m [1;30mLevel 5[0m set package 'plutoserver' build argument 'catkin_cmake_args' from command line to 'None'
[3.143s] [34mcolcon.colcon_core.verb[0m [1;30mLevel 5[0m set package 'plutoserver' build argument 'catkin_skip_building_tests' from command line to 'False'
[3.143s] [34mcolcon.colcon_core.verb[0m [1;30mDEBUG[0m [32mBuilding package 'plutoserver' with the following arguments: {'ament_cmake_args': None, 'build_base': '/home/malay/pluto_ros2/src/pluto-ros2-package/build/plutoserver', 'catkin_cmake_args': None, 'catkin_skip_building_tests': False, 'cmake_args': None, 'cmake_clean_cache': False, 'cmake_clean_first': False, 'cmake_force_configure': False, 'cmake_target': None, 'cmake_target_skip_unavailable': False, 'install_base': '/home/malay/pluto_ros2/src/pluto-ros2-package/install/plutoserver', 'merge_install': False, 'path': '/home/malay/pluto_ros2/src/pluto-ros2-package/plutoserver', 'symlink_install': False, 'test_result_base': None}[0m
[3.192s] [34mcolcon.colcon_core.executor[0m [1;30mINFO[0m Executing jobs using 'parallel' executor
[3.235s] [34mcolcon.colcon_parallel_executor.executor.parallel[0m [1;30mDEBUG[0m [32mrun_until_complete[0m
[3.236s] [34mcolcon.colcon_ros.task.ament_cmake.build[0m [1;30mINFO[0m Building ROS package in '/home/malay/pluto_ros2/src/pluto-ros2-package/custom_msgs' with build type 'ament_cmake'
[3.236s] [34mcolcon.colcon_cmake.task.cmake.build[0m [1;30mINFO[0m Building CMake package in '/home/malay/pluto_ros2/src/pluto-ros2-package/custom_msgs'
[3.282s] [34mcolcon.colcon_core.plugin_system[0m [1;30mINFO[0m Skipping extension 'colcon_core.shell.bat': Not used on non-Windows systems
[3.283s] [34mcolcon.colcon_core.shell[0m [1;30mINFO[0m Skip shell extension 'powershell' for command environment: Not usable outside of PowerShell
[3.283s] [34mcolcon.colcon_core.shell[0m [1;30mDEBUG[0m [32mSkip shell extension 'dsv' for command environment[0m
[3.379s] [34mcolcon.colcon_ros.task.ament_python.build[0m [1;30mINFO[0m Building ROS package in '/home/malay/pluto_ros2/src/pluto-ros2-package/plutodrone' with build type 'ament_python'
[3.379s] [34mcolcon.colcon_core.shell[0m [1;30mLevel 1[0m create_environment_hook('plutodrone', 'ament_prefix_path')
[3.424s] [34mcolcon.colcon_core.shell[0m [1;30mINFO[0m Creating environment hook '/home/malay/pluto_ros2/src/pluto-ros2-package/install/plutodrone/share/plutodrone/hook/ament_prefix_path.ps1'
[3.424s] [34mcolcon.colcon_core.shell[0m [1;30mINFO[0m Creating environment descriptor '/home/malay/pluto_ros2/src/pluto-ros2-package/install/plutodrone/share/plutodrone/hook/ament_prefix_path.dsv'
[3.425s] [34mcolcon.colcon_core.shell[0m [1;30mINFO[0m Creating environment hook '/home/malay/pluto_ros2/src/pluto-ros2-package/install/plutodrone/share/plutodrone/hook/ament_prefix_path.sh'
[3.467s] [34mcolcon.colcon_core.shell[0m [1;30mINFO[0m Skip shell extension 'powershell' for command environment: Not usable outside of PowerShell
[3.468s] [34mcolcon.colcon_core.shell[0m [1;30mDEBUG[0m [32mSkip shell extension 'dsv' for command environment[0m
[3.554s] [34mcolcon.colcon_ros.task.ament_python.build[0m [1;30mINFO[0m Building ROS package in '/home/malay/pluto_ros2/src/pluto-ros2-package/plutoserver' with build type 'ament_python'
[3.554s] [34mcolcon.colcon_core.shell[0m [1;30mLevel 1[0m create_environment_hook('plutoserver', 'ament_prefix_path')
[3.616s] [34mcolcon.colcon_core.shell[0m [1;30mINFO[0m Creating environment hook '/home/malay/pluto_ros2/src/pluto-ros2-package/install/plutoserver/share/plutoserver/hook/ament_prefix_path.ps1'
[3.617s] [34mcolcon.colcon_core.shell[0m [1;30mINFO[0m Creating environment descriptor '/home/malay/pluto_ros2/src/pluto-ros2-package/install/plutoserver/share/plutoserver/hook/ament_prefix_path.dsv'
[3.617s] [34mcolcon.colcon_core.shell[0m [1;30mINFO[0m Creating environment hook '/home/malay/pluto_ros2/src/pluto-ros2-package/install/plutoserver/share/plutoserver/hook/ament_prefix_path.sh'
[3.658s] [34mcolcon.colcon_core.shell[0m [1;30mINFO[0m Skip shell extension 'powershell' for command environment: Not usable outside of PowerShell
[3.658s] [34mcolcon.colcon_core.shell[0m [1;30mDEBUG[0m [32mSkip shell extension 'dsv' for command environment[0m
[3.752s] [34mcolcon.colcon_core.event_handler.log_command[0m [1;30mDEBUG[0m [32mInvoking command in '/home/malay/pluto_ros2/src/pluto-ros2-package/build/custom_msgs': CMAKE_PREFIX_PATH=/opt/ros/foxy /usr/bin/cmake /home/malay/pluto_ros2/src/pluto-ros2-package/custom_msgs -DCMAKE_INSTALL_PREFIX=/home/malay/pluto_ros2/src/pluto-ros2-package/install/custom_msgs[0m
[4.029s] [34mcolcon.colcon_core.task.python.build[0m [1;30mINFO[0m Building Python package in '/home/malay/pluto_ros2/src/pluto-ros2-package/plutodrone'
[4.074s] [34mcolcon.colcon_core.shell[0m [1;30mINFO[0m Skip shell extension 'powershell' for command environment: Not usable outside of PowerShell
[4.074s] [34mcolcon.colcon_core.shell[0m [1;30mDEBUG[0m [32mSkip shell extension 'dsv' for command environment[0m
[4.438s] [34mcolcon.colcon_core.task.python.build[0m [1;30mINFO[0m Building Python package in '/home/malay/pluto_ros2/src/pluto-ros2-package/plutoserver'
[4.482s] [34mcolcon.colcon_core.shell[0m [1;30mINFO[0m Skip shell extension 'powershell' for command environment: Not usable outside of PowerShell
[4.482s] [34mcolcon.colcon_core.shell[0m [1;30mDEBUG[0m [32mSkip shell extension 'dsv' for command environment[0m
[5.081s] [34mcolcon.colcon_core.event_handler.log_command[0m [1;30mDEBUG[0m [32mInvoking command in '/home/malay/pluto_ros2/src/pluto-ros2-package/plutodrone': PYTHONPATH=/home/malay/pluto_ros2/src/pluto-ros2-package/build/plutodrone/prefix_override:/home/malay/pluto_ros2/src/pluto-ros2-package/install/plutodrone/lib/python3.8/site-packages:${PYTHONPATH} /usr/bin/python3 setup.py egg_info --egg-base ../build/plutodrone build --build-base /home/malay/pluto_ros2/src/pluto-ros2-package/build/plutodrone/build install --record /home/malay/pluto_ros2/src/pluto-ros2-package/build/plutodrone/install.log --single-version-externally-managed[0m
[5.088s] [34mcolcon.colcon_core.event_handler.log_command[0m [1;30mDEBUG[0m [32mInvoking command in '/home/malay/pluto_ros2/src/pluto-ros2-package/plutoserver': PYTHONPATH=/home/malay/pluto_ros2/src/pluto-ros2-package/build/plutoserver/prefix_override:/home/malay/pluto_ros2/src/pluto-ros2-package/install/plutoserver/lib/python3.8/site-packages:${PYTHONPATH} /usr/bin/python3 setup.py egg_info --egg-base ../build/plutoserver build --build-base /home/malay/pluto_ros2/src/pluto-ros2-package/build/plutoserver/build install --record /home/malay/pluto_ros2/src/pluto-ros2-package/build/plutoserver/install.log --single-version-externally-managed[0m
[5.595s] [34mcolcon.colcon_core.event_handler.log_command[0m [1;30mDEBUG[0m [32mInvoked command in '/home/malay/pluto_ros2/src/pluto-ros2-package/plutoserver' returned '0': PYTHONPATH=/home/malay/pluto_ros2/src/pluto-ros2-package/build/plutoserver/prefix_override:/home/malay/pluto_ros2/src/pluto-ros2-package/install/plutoserver/lib/python3.8/site-packages:${PYTHONPATH} /usr/bin/python3 setup.py egg_info --egg-base ../build/plutoserver build --build-base /home/malay/pluto_ros2/src/pluto-ros2-package/build/plutoserver/build install --record /home/malay/pluto_ros2/src/pluto-ros2-package/build/plutoserver/install.log --single-version-externally-managed[0m
[5.638s] [34mcolcon.colcon_core.environment[0m [1;30mLevel 1[0m checking '/home/malay/pluto_ros2/src/pluto-ros2-package/install/plutoserver' for CMake module files
[5.639s] [34mcolcon.colcon_core.environment[0m [1;30mLevel 1[0m checking '/home/malay/pluto_ros2/src/pluto-ros2-package/install/plutoserver' for CMake config files
[5.639s] [34mcolcon.colcon_core.environment[0m [1;30mLevel 1[0m checking '/home/malay/pluto_ros2/src/pluto-ros2-package/install/plutoserver/lib'
[5.639s] [34mcolcon.colcon_core.environment[0m [1;30mLevel 1[0m checking '/home/malay/pluto_ros2/src/pluto-ros2-package/install/plutoserver/bin'
[5.639s] [34mcolcon.colcon_core.environment[0m [1;30mLevel 1[0m checking '/home/malay/pluto_ros2/src/pluto-ros2-package/install/plutoserver/lib/pkgconfig/plutoserver.pc'
[5.640s] [34mcolcon.colcon_core.environment[0m [1;30mLevel 1[0m checking '/home/malay/pluto_ros2/src/pluto-ros2-package/install/plutoserver/lib/python3.8/site-packages'
[5.640s] [34mcolcon.colcon_core.shell[0m [1;30mLevel 1[0m create_environment_hook('plutoserver', 'pythonpath')
[5.682s] [34mcolcon.colcon_core.shell[0m [1;30mINFO[0m Creating environment hook '/home/malay/pluto_ros2/src/pluto-ros2-package/install/plutoserver/share/plutoserver/hook/pythonpath.ps1'
[5.682s] [34mcolcon.colcon_core.shell[0m [1;30mINFO[0m Creating environment descriptor '/home/malay/pluto_ros2/src/pluto-ros2-package/install/plutoserver/share/plutoserver/hook/pythonpath.dsv'
[5.682s] [34mcolcon.colcon_core.shell[0m [1;30mINFO[0m Creating environment hook '/home/malay/pluto_ros2/src/pluto-ros2-package/install/plutoserver/share/plutoserver/hook/pythonpath.sh'
[5.683s] [34mcolcon.colcon_core.environment[0m [1;30mLevel 1[0m checking '/home/malay/pluto_ros2/src/pluto-ros2-package/install/plutoserver/bin'
[5.683s] [34mcolcon.colcon_core.environment[0m [1;30mLevel 1[0m create_environment_scripts_only(plutoserver)
[5.724s] [34mcolcon.colcon_core.shell[0m [1;30mINFO[0m Creating package script '/home/malay/pluto_ros2/src/pluto-ros2-package/install/plutoserver/share/plutoserver/package.ps1'
[5.724s] [34mcolcon.colcon_core.shell[0m [1;30mINFO[0m Creating package descriptor '/home/malay/pluto_ros2/src/pluto-ros2-package/install/plutoserver/share/plutoserver/package.dsv'
[5.725s] [34mcolcon.colcon_core.shell[0m [1;30mINFO[0m Creating package script '/home/malay/pluto_ros2/src/pluto-ros2-package/install/plutoserver/share/plutoserver/package.sh'
[5.725s] [34mcolcon.colcon_core.shell[0m [1;30mINFO[0m Creating package script '/home/malay/pluto_ros2/src/pluto-ros2-package/install/plutoserver/share/plutoserver/package.bash'
[5.726s] [34mcolcon.colcon_core.shell[0m [1;30mINFO[0m Creating package script '/home/malay/pluto_ros2/src/pluto-ros2-package/install/plutoserver/share/plutoserver/package.zsh'
[5.727s] [34mcolcon.colcon_core.environment[0m [1;30mLevel 1[0m create_file_with_runtime_dependencies(/home/malay/pluto_ros2/src/pluto-ros2-package/install/plutoserver/share/colcon-core/packages/plutoserver)
[5.728s] [34mcolcon.colcon_core.event_handler.log_command[0m [1;30mDEBUG[0m [32mInvoked command in '/home/malay/pluto_ros2/src/pluto-ros2-package/plutodrone' returned '0': PYTHONPATH=/home/malay/pluto_ros2/src/pluto-ros2-package/build/plutodrone/prefix_override:/home/malay/pluto_ros2/src/pluto-ros2-package/install/plutodrone/lib/python3.8/site-packages:${PYTHONPATH} /usr/bin/python3 setup.py egg_info --egg-base ../build/plutodrone build --build-base /home/malay/pluto_ros2/src/pluto-ros2-package/build/plutodrone/build install --record /home/malay/pluto_ros2/src/pluto-ros2-package/build/plutodrone/install.log --single-version-externally-managed[0m
[5.773s] [34mcolcon.colcon_core.environment[0m [1;30mLevel 1[0m checking '/home/malay/pluto_ros2/src/pluto-ros2-package/install/plutodrone' for CMake module files
[5.773s] [34mcolcon.colcon_core.environment[0m [1;30mLevel 1[0m checking '/home/malay/pluto_ros2/src/pluto-ros2-package/install/plutodrone' for CMake config files
[5.773s] [34mcolcon.colcon_core.environment[0m [1;30mLevel 1[0m checking '/home/malay/pluto_ros2/src/pluto-ros2-package/install/plutodrone/lib'
[5.773s] [34mcolcon.colcon_core.environment[0m [1;30mLevel 1[0m checking '/home/malay/pluto_ros2/src/pluto-ros2-package/install/plutodrone/bin'
[5.773s] [34mcolcon.colcon_core.environment[0m [1;30mLevel 1[0m checking '/home/malay/pluto_ros2/src/pluto-ros2-package/install/plutodrone/lib/pkgconfig/plutodrone.pc'
[5.774s] [34mcolcon.colcon_core.environment[0m [1;30mLevel 1[0m checking '/home/malay/pluto_ros2/src/pluto-ros2-package/install/plutodrone/lib/python3.8/site-packages'
[5.774s] [34mcolcon.colcon_core.shell[0m [1;30mLevel 1[0m create_environment_hook('plutodrone', 'pythonpath')
[5.817s] [34mcolcon.colcon_core.shell[0m [1;30mINFO[0m Creating environment hook '/home/malay/pluto_ros2/src/pluto-ros2-package/install/plutodrone/share/plutodrone/hook/pythonpath.ps1'
[5.818s] [34mcolcon.colcon_core.shell[0m [1;30mINFO[0m Creating environment descriptor '/home/malay/pluto_ros2/src/pluto-ros2-package/install/plutodrone/share/plutodrone/hook/pythonpath.dsv'
[5.818s] [34mcolcon.colcon_core.shell[0m [1;30mINFO[0m Creating environment hook '/home/malay/pluto_ros2/src/pluto-ros2-package/install/plutodrone/share/plutodrone/hook/pythonpath.sh'
[5.818s] [34mcolcon.colcon_core.environment[0m [1;30mLevel 1[0m checking '/home/malay/pluto_ros2/src/pluto-ros2-package/install/plutodrone/bin'
[5.818s] [34mcolcon.colcon_core.environment[0m [1;30mLevel 1[0m create_environment_scripts_only(plutodrone)
[5.860s] [34mcolcon.colcon_core.shell[0m [1;30mINFO[0m Creating package script '/home/malay/pluto_ros2/src/pluto-ros2-package/install/plutodrone/share/plutodrone/package.ps1'
[5.860s] [34mcolcon.colcon_core.shell[0m [1;30mINFO[0m Creating package descriptor '/home/malay/pluto_ros2/src/pluto-ros2-package/install/plutodrone/share/plutodrone/package.dsv'
[5.860s] [34mcolcon.colcon_core.shell[0m [1;30mINFO[0m Creating package script '/home/malay/pluto_ros2/src/pluto-ros2-package/install/plutodrone/share/plutodrone/package.sh'
[5.861s] [34mcolcon.colcon_core.shell[0m [1;30mINFO[0m Creating package script '/home/malay/pluto_ros2/src/pluto-ros2-package/install/plutodrone/share/plutodrone/package.bash'
[5.861s] [34mcolcon.colcon_core.shell[0m [1;30mINFO[0m Creating package script '/home/malay/pluto_ros2/src/pluto-ros2-package/install/plutodrone/share/plutodrone/package.zsh'
[5.861s] [34mcolcon.colcon_core.environment[0m [1;30mLevel 1[0m create_file_with_runtime_dependencies(/home/malay/pluto_ros2/src/pluto-ros2-package/install/plutodrone/share/colcon-core/packages/plutodrone)
[12.547s] [34mcolcon.colcon_core.event_handler.log_command[0m [1;30mDEBUG[0m [32mInvoked command in '/home/malay/pluto_ros2/src/pluto-ros2-package/build/custom_msgs' returned '0': CMAKE_PREFIX_PATH=/opt/ros/foxy /usr/bin/cmake /home/malay/pluto_ros2/src/pluto-ros2-package/custom_msgs -DCMAKE_INSTALL_PREFIX=/home/malay/pluto_ros2/src/pluto-ros2-package/install/custom_msgs[0m
[12.550s] [34mcolcon.colcon_core.event_handler.log_command[0m [1;30mDEBUG[0m [32mInvoking command in '/home/malay/pluto_ros2/src/pluto-ros2-package/build/custom_msgs': CMAKE_PREFIX_PATH=/opt/ros/foxy /usr/bin/cmake --build /home/malay/pluto_ros2/src/pluto-ros2-package/build/custom_msgs -- -j8 -l8[0m
[18.327s] [34mcolcon.colcon_core.event_handler.log_command[0m [1;30mDEBUG[0m [32mInvoked command in '/home/malay/pluto_ros2/src/pluto-ros2-package/build/custom_msgs' returned '0': CMAKE_PREFIX_PATH=/opt/ros/foxy /usr/bin/cmake --build /home/malay/pluto_ros2/src/pluto-ros2-package/build/custom_msgs -- -j8 -l8[0m
[18.402s] [34mcolcon.colcon_core.event_handler.log_command[0m [1;30mDEBUG[0m [32mInvoking command in '/home/malay/pluto_ros2/src/pluto-ros2-package/build/custom_msgs': CMAKE_PREFIX_PATH=/opt/ros/foxy /usr/bin/cmake --install /home/malay/pluto_ros2/src/pluto-ros2-package/build/custom_msgs[0m
[18.466s] [34mcolcon.colcon_core.environment[0m [1;30mLevel 1[0m create_environment_scripts_only(custom_msgs)
[18.467s] [34mcolcon.colcon_core.event_handler.log_command[0m [1;30mDEBUG[0m [32mInvoked command in '/home/malay/pluto_ros2/src/pluto-ros2-package/build/custom_msgs' returned '0': CMAKE_PREFIX_PATH=/opt/ros/foxy /usr/bin/cmake --install /home/malay/pluto_ros2/src/pluto-ros2-package/build/custom_msgs[0m
[18.510s] [34mcolcon.colcon_core.environment[0m [1;30mLevel 1[0m checking '/home/malay/pluto_ros2/src/pluto-ros2-package/install/custom_msgs' for CMake module files
[18.511s] [34mcolcon.colcon_core.environment[0m [1;30mLevel 1[0m checking '/home/malay/pluto_ros2/src/pluto-ros2-package/install/custom_msgs' for CMake config files
[18.511s] [34mcolcon.colcon_core.shell[0m [1;30mLevel 1[0m create_environment_hook('custom_msgs', 'cmake_prefix_path')
[18.566s] [34mcolcon.colcon_core.shell[0m [1;30mINFO[0m Creating environment hook '/home/malay/pluto_ros2/src/pluto-ros2-package/install/custom_msgs/share/custom_msgs/hook/cmake_prefix_path.ps1'
[18.566s] [34mcolcon.colcon_core.shell[0m [1;30mINFO[0m Creating environment descriptor '/home/malay/pluto_ros2/src/pluto-ros2-package/install/custom_msgs/share/custom_msgs/hook/cmake_prefix_path.dsv'
[18.567s] [34mcolcon.colcon_core.shell[0m [1;30mINFO[0m Creating environment hook '/home/malay/pluto_ros2/src/pluto-ros2-package/install/custom_msgs/share/custom_msgs/hook/cmake_prefix_path.sh'
[18.568s] [34mcolcon.colcon_core.environment[0m [1;30mLevel 1[0m checking '/home/malay/pluto_ros2/src/pluto-ros2-package/install/custom_msgs/lib'
[18.568s] [34mcolcon.colcon_core.shell[0m [1;30mLevel 1[0m create_environment_hook('custom_msgs', 'ld_library_path_lib')
[18.613s] [34mcolcon.colcon_core.shell[0m [1;30mINFO[0m Creating environment hook '/home/malay/pluto_ros2/src/pluto-ros2-package/install/custom_msgs/share/custom_msgs/hook/ld_library_path_lib.ps1'
[18.613s] [34mcolcon.colcon_core.shell[0m [1;30mINFO[0m Creating environment descriptor '/home/malay/pluto_ros2/src/pluto-ros2-package/install/custom_msgs/share/custom_msgs/hook/ld_library_path_lib.dsv'
[18.613s] [34mcolcon.colcon_core.shell[0m [1;30mINFO[0m Creating environment hook '/home/malay/pluto_ros2/src/pluto-ros2-package/install/custom_msgs/share/custom_msgs/hook/ld_library_path_lib.sh'
[18.613s] [34mcolcon.colcon_core.environment[0m [1;30mLevel 1[0m checking '/home/malay/pluto_ros2/src/pluto-ros2-package/install/custom_msgs/bin'
[18.613s] [34mcolcon.colcon_core.environment[0m [1;30mLevel 1[0m checking '/home/malay/pluto_ros2/src/pluto-ros2-package/install/custom_msgs/lib/pkgconfig/custom_msgs.pc'
[18.614s] [34mcolcon.colcon_core.environment[0m [1;30mLevel 1[0m checking '/home/malay/pluto_ros2/src/pluto-ros2-package/install/custom_msgs/lib/python3.8/site-packages'
[18.614s] [34mcolcon.colcon_core.shell[0m [1;30mLevel 1[0m create_environment_hook('custom_msgs', 'pythonpath')
[18.663s] [34mcolcon.colcon_core.shell[0m [1;30mINFO[0m Creating environment hook '/home/malay/pluto_ros2/src/pluto-ros2-package/install/custom_msgs/share/custom_msgs/hook/pythonpath.ps1'
[18.663s] [34mcolcon.colcon_core.shell[0m [1;30mINFO[0m Creating environment descriptor '/home/malay/pluto_ros2/src/pluto-ros2-package/install/custom_msgs/share/custom_msgs/hook/pythonpath.dsv'
[18.663s] [34mcolcon.colcon_core.shell[0m [1;30mINFO[0m Creating environment hook '/home/malay/pluto_ros2/src/pluto-ros2-package/install/custom_msgs/share/custom_msgs/hook/pythonpath.sh'
[18.664s] [34mcolcon.colcon_core.environment[0m [1;30mLevel 1[0m checking '/home/malay/pluto_ros2/src/pluto-ros2-package/install/custom_msgs/bin'
[18.708s] [34mcolcon.colcon_core.shell[0m [1;30mINFO[0m Creating package script '/home/malay/pluto_ros2/src/pluto-ros2-package/install/custom_msgs/share/custom_msgs/package.ps1'
[18.709s] [34mcolcon.colcon_core.shell[0m [1;30mINFO[0m Creating package descriptor '/home/malay/pluto_ros2/src/pluto-ros2-package/install/custom_msgs/share/custom_msgs/package.dsv'
[18.709s] [34mcolcon.colcon_core.shell[0m [1;30mINFO[0m Creating package script '/home/malay/pluto_ros2/src/pluto-ros2-package/install/custom_msgs/share/custom_msgs/package.sh'
[18.709s] [34mcolcon.colcon_core.shell[0m [1;30mINFO[0m Creating package script '/home/malay/pluto_ros2/src/pluto-ros2-package/install/custom_msgs/share/custom_msgs/package.bash'
[18.710s] [34mcolcon.colcon_core.shell[0m [1;30mINFO[0m Creating package script '/home/malay/pluto_ros2/src/pluto-ros2-package/install/custom_msgs/share/custom_msgs/package.zsh'
[18.710s] [34mcolcon.colcon_core.environment[0m [1;30mLevel 1[0m create_file_with_runtime_dependencies(/home/malay/pluto_ros2/src/pluto-ros2-package/install/custom_msgs/share/colcon-core/packages/custom_msgs)
[18.811s] [34mcolcon.colcon_core.environment[0m [1;30mLevel 1[0m create_environment_scripts_only(custom_msgs)
[18.852s] [34mcolcon.colcon_core.environment[0m [1;30mLevel 1[0m checking '/home/malay/pluto_ros2/src/pluto-ros2-package/install/custom_msgs' for CMake module files
[18.852s] [34mcolcon.colcon_core.environment[0m [1;30mLevel 1[0m checking '/home/malay/pluto_ros2/src/pluto-ros2-package/install/custom_msgs' for CMake config files
[18.853s] [34mcolcon.colcon_core.shell[0m [1;30mLevel 1[0m create_environment_hook('custom_msgs', 'cmake_prefix_path')
[18.896s] [34mcolcon.colcon_core.shell[0m [1;30mINFO[0m Creating environment hook '/home/malay/pluto_ros2/src/pluto-ros2-package/install/custom_msgs/share/custom_msgs/hook/cmake_prefix_path.ps1'
[18.897s] [34mcolcon.colcon_core.shell[0m [1;30mINFO[0m Creating environment descriptor '/home/malay/pluto_ros2/src/pluto-ros2-package/install/custom_msgs/share/custom_msgs/hook/cmake_prefix_path.dsv'
[18.897s] [34mcolcon.colcon_core.shell[0m [1;30mINFO[0m Creating environment hook '/home/malay/pluto_ros2/src/pluto-ros2-package/install/custom_msgs/share/custom_msgs/hook/cmake_prefix_path.sh'
[18.897s] [34mcolcon.colcon_core.environment[0m [1;30mLevel 1[0m checking '/home/malay/pluto_ros2/src/pluto-ros2-package/install/custom_msgs/lib'
[18.898s] [34mcolcon.colcon_core.shell[0m [1;30mLevel 1[0m create_environment_hook('custom_msgs', 'ld_library_path_lib')
[18.939s] [34mcolcon.colcon_core.shell[0m [1;30mINFO[0m Creating environment hook '/home/malay/pluto_ros2/src/pluto-ros2-package/install/custom_msgs/share/custom_msgs/hook/ld_library_path_lib.ps1'
[18.940s] [34mcolcon.colcon_core.shell[0m [1;30mINFO[0m Creating environment descriptor '/home/malay/pluto_ros2/src/pluto-ros2-package/install/custom_msgs/share/custom_msgs/hook/ld_library_path_lib.dsv'
[18.940s] [34mcolcon.colcon_core.shell[0m [1;30mINFO[0m Creating environment hook '/home/malay/pluto_ros2/src/pluto-ros2-package/install/custom_msgs/share/custom_msgs/hook/ld_library_path_lib.sh'
[18.941s] [34mcolcon.colcon_core.environment[0m [1;30mLevel 1[0m checking '/home/malay/pluto_ros2/src/pluto-ros2-package/install/custom_msgs/bin'
[18.941s] [34mcolcon.colcon_core.environment[0m [1;30mLevel 1[0m checking '/home/malay/pluto_ros2/src/pluto-ros2-package/install/custom_msgs/lib/pkgconfig/custom_msgs.pc'
[18.941s] [34mcolcon.colcon_core.environment[0m [1;30mLevel 1[0m checking '/home/malay/pluto_ros2/src/pluto-ros2-package/install/custom_msgs/lib/python3.8/site-packages'
[18.941s] [34mcolcon.colcon_core.shell[0m [1;30mLevel 1[0m create_environment_hook('custom_msgs', 'pythonpath')
[18.981s] [34mcolcon.colcon_core.shell[0m [1;30mINFO[0m Creating environment hook '/home/malay/pluto_ros2/src/pluto-ros2-package/install/custom_msgs/share/custom_msgs/hook/pythonpath.ps1'
[18.981s] [34mcolcon.colcon_core.shell[0m [1;30mINFO[0m Creating environment descriptor '/home/malay/pluto_ros2/src/pluto-ros2-package/install/custom_msgs/share/custom_msgs/hook/pythonpath.dsv'
[18.982s] [34mcolcon.colcon_core.shell[0m [1;30mINFO[0m Creating environment hook '/home/malay/pluto_ros2/src/pluto-ros2-package/install/custom_msgs/share/custom_msgs/hook/pythonpath.sh'
[18.982s] [34mcolcon.colcon_core.environment[0m [1;30mLevel 1[0m checking '/home/malay/pluto_ros2/src/pluto-ros2-package/install/custom_msgs/bin'
[19.024s] [34mcolcon.colcon_core.shell[0m [1;30mINFO[0m Creating package script '/home/malay/pluto_ros2/src/pluto-ros2-package/install/custom_msgs/share/custom_msgs/package.ps1'
[19.025s] [34mcolcon.colcon_core.shell[0m [1;30mINFO[0m Creating package descriptor '/home/malay/pluto_ros2/src/pluto-ros2-package/install/custom_msgs/share/custom_msgs/package.dsv'
[19.025s] [34mcolcon.colcon_core.shell[0m [1;30mINFO[0m Creating package script '/home/malay/pluto_ros2/src/pluto-ros2-package/install/custom_msgs/share/custom_msgs/package.sh'
[19.026s] [34mcolcon.colcon_core.shell[0m [1;30mINFO[0m Creating package script '/home/malay/pluto_ros2/src/pluto-ros2-package/install/custom_msgs/share/custom_msgs/package.bash'
[19.026s] [34mcolcon.colcon_core.shell[0m [1;30mINFO[0m Creating package script '/home/malay/pluto_ros2/src/pluto-ros2-package/install/custom_msgs/share/custom_msgs/package.zsh'
[19.027s] [34mcolcon.colcon_core.environment[0m [1;30mLevel 1[0m create_file_with_runtime_dependencies(/home/malay/pluto_ros2/src/pluto-ros2-package/install/custom_msgs/share/colcon-core/packages/custom_msgs)
[19.027s] [34mcolcon.colcon_parallel_executor.executor.parallel[0m [1;30mDEBUG[0m [32mclosing loop[0m
[19.028s] [34mcolcon.colcon_parallel_executor.executor.parallel[0m [1;30mDEBUG[0m [32mloop closed[0m
[19.028s] [34mcolcon.colcon_parallel_executor.executor.parallel[0m [1;30mDEBUG[0m [32mrun_until_complete finished with '0'[0m
[19.028s] [34mcolcon.colcon_core.event_reactor[0m [1;30mDEBUG[0m [32mjoining thread[0m
[19.074s] [34mcolcon.colcon_core.plugin_system[0m [1;30mINFO[0m Skipping extension 'colcon_notification.desktop_notification.terminal_notifier': Not used on non-Darwin systems
[19.074s] [34mcolcon.colcon_core.plugin_system[0m [1;30mINFO[0m Skipping extension 'colcon_notification.desktop_notification.win32': Not used on non-Windows systems
[19.074s] [34mcolcon.colcon_notification.desktop_notification[0m [1;30mINFO[0m Sending desktop notification using 'notify2'
[19.086s] [34mcolcon.colcon_core.event_reactor[0m [1;30mDEBUG[0m [32mjoined thread[0m
[19.137s] [34mcolcon.colcon_core.shell[0m [1;30mINFO[0m Creating prefix script '/home/malay/pluto_ros2/src/pluto-ros2-package/install/local_setup.ps1'
[19.138s] [34mcolcon.colcon_core.shell[0m [1;30mINFO[0m Creating prefix util module '/home/malay/pluto_ros2/src/pluto-ros2-package/install/_local_setup_util_ps1.py'
[19.139s] [34mcolcon.colcon_core.shell[0m [1;30mINFO[0m Creating prefix chain script '/home/malay/pluto_ros2/src/pluto-ros2-package/install/setup.ps1'
[19.184s] [34mcolcon.colcon_core.shell[0m [1;30mINFO[0m Creating prefix script '/home/malay/pluto_ros2/src/pluto-ros2-package/install/local_setup.sh'
[19.184s] [34mcolcon.colcon_core.shell[0m [1;30mINFO[0m Creating prefix util module '/home/malay/pluto_ros2/src/pluto-ros2-package/install/_local_setup_util_sh.py'
[19.185s] [34mcolcon.colcon_core.shell[0m [1;30mINFO[0m Creating prefix chain script '/home/malay/pluto_ros2/src/pluto-ros2-package/install/setup.sh'
[19.231s] [34mcolcon.colcon_core.shell[0m [1;30mINFO[0m Creating prefix script '/home/malay/pluto_ros2/src/pluto-ros2-package/install/local_setup.bash'
[19.232s] [34mcolcon.colcon_core.shell[0m [1;30mINFO[0m Creating prefix chain script '/home/malay/pluto_ros2/src/pluto-ros2-package/install/setup.bash'
[19.273s] [34mcolcon.colcon_core.shell[0m [1;30mINFO[0m Creating prefix script '/home/malay/pluto_ros2/src/pluto-ros2-package/install/local_setup.zsh'
[19.273s] [34mcolcon.colcon_core.shell[0m [1;30mINFO[0m Creating prefix chain script '/home/malay/pluto_ros2/src/pluto-ros2-package/install/setup.zsh'
