[0.516s] Invoking command in '/home/malay/pluto_ros2/src/pluto-ros2-package/build/custom_msgs': CMAKE_PREFIX_PATH=/opt/ros/foxy /usr/bin/cmake /home/malay/pluto_ros2/src/pluto-ros2-package/custom_msgs -DCMAKE_INSTALL_PREFIX=/home/malay/pluto_ros2/src/pluto-ros2-package/install/custom_msgs
[2.494s] -- The C compiler identification is GNU 9.4.0
[4.211s] -- The CXX compiler identification is GNU 9.4.0
[4.436s] -- Check for working C compiler: /usr/lib/ccache/cc
[4.833s] -- Check for working C compiler: /usr/lib/ccache/cc -- works
[4.834s] -- Detecting C compiler ABI info
[5.027s] -- Detecting C compiler ABI info - done
[5.039s] -- Detecting C compile features
[5.039s] -- Detecting C compile features - done
[5.042s] -- Check for working CXX compiler: /usr/lib/ccache/c++
[5.147s] -- Check for working CXX compiler: /usr/lib/ccache/c++ -- works
[5.148s] -- Detecting CXX compiler ABI info
[5.244s] -- Detecting CXX compiler ABI info - done
[5.254s] -- Detecting CXX compile features
[5.254s] -- Detecting CXX compile features - done
[5.481s] -- Found ament_cmake: 0.9.12 (/opt/ros/foxy/share/ament_cmake/cmake)
[5.588s] -- Found PythonInterp: /usr/bin/python3 (found suitable version "3.8.10", minimum required is "3") 
[5.588s] -- Using PYTHON_EXECUTABLE: /usr/bin/python3
[6.145s] -- Found geometry_msgs: 2.0.5 (/opt/ros/foxy/share/geometry_msgs/cmake)
[6.619s] -- Using all available rosidl_typesupport_c: rosidl_typesupport_fastrtps_c;rosidl_typesupport_introspection_c
[6.831s] -- Found rosidl_adapter: 1.3.1 (/opt/ros/foxy/share/rosidl_adapter/cmake)
[7.784s] -- Found OpenSSL: /usr/lib/x86_64-linux-gnu/libcrypto.so (found version "1.1.1f")  
[7.837s] -- Found FastRTPS: /opt/ros/foxy/include  
[8.001s] -- Using all available rosidl_typesupport_cpp: rosidl_typesupport_fastrtps_cpp;rosidl_typesupport_introspection_cpp
[8.138s] -- Found rosidl_default_generators: 1.0.1 (/opt/ros/foxy/share/rosidl_default_generators/cmake)
[8.221s] -- Found PythonInterp: /usr/bin/python3 (found version "3.8.10") 
[8.488s] -- Found ament_cmake_ros: 0.9.2 (/opt/ros/foxy/share/ament_cmake_ros/cmake)
[8.760s] -- Using all available rosidl_typesupport_c: rosidl_typesupport_fastrtps_c;rosidl_typesupport_introspection_c
[8.768s] -- Using all available rosidl_typesupport_cpp: rosidl_typesupport_fastrtps_cpp;rosidl_typesupport_introspection_cpp
[8.791s] -- Found PythonInterp: /usr/bin/python3 (found suitable version "3.8.10", minimum required is "3.5") 
[8.804s] -- Found python_cmake_module: 0.8.1 (/opt/ros/foxy/share/python_cmake_module/cmake)
[8.871s] -- Found PythonLibs: /usr/lib/x86_64-linux-gnu/libpython3.8.so (found suitable version "3.8.10", minimum required is "3.5") 
[8.872s] -- Using PYTHON_EXECUTABLE: /usr/bin/python3
[8.872s] -- Using PYTHON_INCLUDE_DIRS: /usr/include/python3.8
[8.872s] -- Using PYTHON_LIBRARIES: /usr/lib/x86_64-linux-gnu/libpython3.8.so
[8.892s] -- Found PythonExtra: .so  
[9.066s] -- Found ament_lint_auto: 0.9.8 (/opt/ros/foxy/share/ament_lint_auto/cmake)
[9.218s] -- Added test 'copyright' to check source files copyright and LICENSE
[9.221s] -- Added test 'lint_cmake' to check CMake code style
[9.223s] -- Added test 'xmllint' to check XML markup files
[9.228s] -- Configuring done
[9.302s] -- Generating done
[9.304s] -- Build files have been written to: /home/malay/pluto_ros2/src/pluto-ros2-package/build/custom_msgs
[9.310s] Invoked command in '/home/malay/pluto_ros2/src/pluto-ros2-package/build/custom_msgs' returned '0': CMAKE_PREFIX_PATH=/opt/ros/foxy /usr/bin/cmake /home/malay/pluto_ros2/src/pluto-ros2-package/custom_msgs -DCMAKE_INSTALL_PREFIX=/home/malay/pluto_ros2/src/pluto-ros2-package/install/custom_msgs
[9.313s] Invoking command in '/home/malay/pluto_ros2/src/pluto-ros2-package/build/custom_msgs': CMAKE_PREFIX_PATH=/opt/ros/foxy /usr/bin/cmake --build /home/malay/pluto_ros2/src/pluto-ros2-package/build/custom_msgs -- -j8 -l8
[9.349s] [  2%] [34m[1mGenerating C code for ROS interfaces[0m
[9.350s] [35m[1mScanning dependencies of target custom_msgs__cpp[0m
[9.360s] [  4%] [34m[1mGenerating C++ code for ROS interfaces[0m
[9.794s] [  4%] Built target custom_msgs__cpp
[9.806s] [  6%] [34m[1mGenerating C++ type support for eProsima Fast-RTPS[0m
[9.807s] [  8%] [34m[1mGenerating C++ type support dispatch for ROS interfaces[0m
[9.810s] [ 10%] [34m[1mGenerating C++ introspection for ROS interfaces[0m
[9.814s] [35m[1mScanning dependencies of target custom_msgs__rosidl_generator_c[0m
[9.861s] [ 17%] [32mBuilding C object CMakeFiles/custom_msgs__rosidl_generator_c.dir/rosidl_generator_c/custom_msgs/srv/detail/pluto_pilot__functions.c.o[0m
[9.862s] [ 17%] [32mBuilding C object CMakeFiles/custom_msgs__rosidl_generator_c.dir/rosidl_generator_c/custom_msgs/msg/detail/pluto_msg__functions.c.o[0m
[9.862s] [ 17%] [32mBuilding C object CMakeFiles/custom_msgs__rosidl_generator_c.dir/rosidl_generator_c/custom_msgs/msg/detail/pluto_msg_ap__functions.c.o[0m
[10.109s] [ 19%] [32m[1mLinking C shared library libcustom_msgs__rosidl_generator_c.so[0m
[10.181s] [ 19%] Built target custom_msgs__rosidl_generator_c
[10.196s] [ 21%] [34m[1mGenerating C type support dispatch for ROS interfaces[0m
[10.207s] [35m[1mScanning dependencies of target custom_msgs__rosidl_typesupport_cpp[0m
[10.210s] [ 23%] [34m[1mGenerating C introspection for ROS interfaces[0m
[10.217s] [35m[1mScanning dependencies of target custom_msgs__rosidl_typesupport_introspection_cpp[0m
[10.232s] [ 25%] [32mBuilding CXX object CMakeFiles/custom_msgs__rosidl_typesupport_cpp.dir/rosidl_typesupport_cpp/custom_msgs/srv/pluto_pilot__type_support.cpp.o[0m
[10.236s] [ 27%] [32mBuilding CXX object CMakeFiles/custom_msgs__rosidl_typesupport_cpp.dir/rosidl_typesupport_cpp/custom_msgs/msg/pluto_msg_ap__type_support.cpp.o[0m
[10.249s] [ 29%] [32mBuilding CXX object CMakeFiles/custom_msgs__rosidl_typesupport_cpp.dir/rosidl_typesupport_cpp/custom_msgs/msg/pluto_msg__type_support.cpp.o[0m
[10.254s] [ 31%] [32mBuilding CXX object CMakeFiles/custom_msgs__rosidl_typesupport_introspection_cpp.dir/rosidl_typesupport_introspection_cpp/custom_msgs/msg/detail/pluto_msg__type_support.cpp.o[0m
[10.266s] [ 34%] [32mBuilding CXX object CMakeFiles/custom_msgs__rosidl_typesupport_introspection_cpp.dir/rosidl_typesupport_introspection_cpp/custom_msgs/msg/detail/pluto_msg_ap__type_support.cpp.o[0m
[10.422s] [35m[1mScanning dependencies of target custom_msgs__rosidl_typesupport_fastrtps_cpp[0m
[10.602s] [ 36%] [32mBuilding CXX object CMakeFiles/custom_msgs__rosidl_typesupport_fastrtps_cpp.dir/rosidl_typesupport_fastrtps_cpp/custom_msgs/msg/detail/dds_fastrtps/pluto_msg__type_support.cpp.o[0m
[10.648s] [35m[1mScanning dependencies of target custom_msgs__rosidl_typesupport_c[0m
[10.823s] [ 38%] [32mBuilding CXX object CMakeFiles/custom_msgs__rosidl_typesupport_c.dir/rosidl_typesupport_c/custom_msgs/msg/pluto_msg__type_support.cpp.o[0m
[10.877s] [35m[1mScanning dependencies of target custom_msgs__rosidl_typesupport_introspection_c[0m
[10.905s] [ 40%] [32mBuilding C object CMakeFiles/custom_msgs__rosidl_typesupport_introspection_c.dir/rosidl_typesupport_introspection_c/custom_msgs/msg/detail/pluto_msg__type_support.c.o[0m
[10.948s] [ 42%] [32mBuilding CXX object CMakeFiles/custom_msgs__rosidl_typesupport_c.dir/rosidl_typesupport_c/custom_msgs/msg/pluto_msg_ap__type_support.cpp.o[0m
[10.956s] [ 44%] [32mBuilding CXX object CMakeFiles/custom_msgs__rosidl_typesupport_fastrtps_cpp.dir/rosidl_typesupport_fastrtps_cpp/custom_msgs/msg/detail/dds_fastrtps/pluto_msg_ap__type_support.cpp.o[0m
[10.987s] [ 46%] [32mBuilding CXX object CMakeFiles/custom_msgs__rosidl_typesupport_fastrtps_cpp.dir/rosidl_typesupport_fastrtps_cpp/custom_msgs/srv/detail/dds_fastrtps/pluto_pilot__type_support.cpp.o[0m
[10.995s] [ 48%] [32m[1mLinking CXX shared library libcustom_msgs__rosidl_typesupport_cpp.so[0m
[11.013s] [ 51%] [32mBuilding CXX object CMakeFiles/custom_msgs__rosidl_typesupport_introspection_cpp.dir/rosidl_typesupport_introspection_cpp/custom_msgs/srv/detail/pluto_pilot__type_support.cpp.o[0m
[11.024s] [ 53%] [32mBuilding C object CMakeFiles/custom_msgs__rosidl_typesupport_introspection_c.dir/rosidl_typesupport_introspection_c/custom_msgs/msg/detail/pluto_msg_ap__type_support.c.o[0m
[11.041s] [ 53%] Built target custom_msgs__rosidl_typesupport_cpp
[11.052s] [ 55%] [32mBuilding C object CMakeFiles/custom_msgs__rosidl_typesupport_introspection_c.dir/rosidl_typesupport_introspection_c/custom_msgs/srv/detail/pluto_pilot__type_support.c.o[0m
[11.062s] [ 57%] [32mBuilding CXX object CMakeFiles/custom_msgs__rosidl_typesupport_c.dir/rosidl_typesupport_c/custom_msgs/srv/pluto_pilot__type_support.cpp.o[0m
[11.133s] [ 59%] [32m[1mLinking C shared library libcustom_msgs__rosidl_typesupport_introspection_c.so[0m
[11.173s] [ 61%] [32m[1mLinking CXX shared library libcustom_msgs__rosidl_typesupport_c.so[0m
[11.196s] [ 61%] Built target custom_msgs__rosidl_typesupport_introspection_c
[11.253s] [ 61%] Built target custom_msgs__rosidl_typesupport_c
[11.487s] [ 63%] [32m[1mLinking CXX shared library libcustom_msgs__rosidl_typesupport_introspection_cpp.so[0m
[11.525s] [ 63%] Built target custom_msgs__rosidl_typesupport_introspection_cpp
[11.835s] [ 65%] [32m[1mLinking CXX shared library libcustom_msgs__rosidl_typesupport_fastrtps_cpp.so[0m
[12.137s] [ 65%] Built target custom_msgs__rosidl_typesupport_fastrtps_cpp
[12.146s] [ 68%] [34m[1mGenerating C type support for eProsima Fast-RTPS[0m
[12.546s] [35m[1mScanning dependencies of target custom_msgs__rosidl_typesupport_fastrtps_c[0m
[12.565s] [ 72%] [32mBuilding CXX object CMakeFiles/custom_msgs__rosidl_typesupport_fastrtps_c.dir/rosidl_typesupport_fastrtps_c/custom_msgs/msg/detail/pluto_msg__type_support_c.cpp.o[0m
[12.565s] [ 72%] [32mBuilding CXX object CMakeFiles/custom_msgs__rosidl_typesupport_fastrtps_c.dir/rosidl_typesupport_fastrtps_c/custom_msgs/msg/detail/pluto_msg_ap__type_support_c.cpp.o[0m
[12.569s] [ 74%] [32mBuilding CXX object CMakeFiles/custom_msgs__rosidl_typesupport_fastrtps_c.dir/rosidl_typesupport_fastrtps_c/custom_msgs/srv/detail/pluto_pilot__type_support_c.cpp.o[0m
[13.020s] [ 76%] [32m[1mLinking CXX shared library libcustom_msgs__rosidl_typesupport_fastrtps_c.so[0m
[13.104s] [ 76%] Built target custom_msgs__rosidl_typesupport_fastrtps_c
[13.113s] [35m[1mScanning dependencies of target custom_msgs[0m
[13.122s] [ 76%] Built target custom_msgs
[13.131s] [35m[1mScanning dependencies of target custom_msgs__py[0m
[13.140s] [ 78%] [34m[1mGenerating Python code for ROS interfaces[0m
[14.274s] [ 78%] Built target custom_msgs__py
[14.283s] [35m[1mScanning dependencies of target custom_msgs__python[0m
[14.455s] [ 82%] [32mBuilding C object CMakeFiles/custom_msgs__python.dir/rosidl_generator_py/custom_msgs/msg/_pluto_msg_ap_s.c.o[0m
[14.455s] [ 82%] [32mBuilding C object CMakeFiles/custom_msgs__python.dir/rosidl_generator_py/custom_msgs/msg/_pluto_msg_s.c.o[0m
[14.457s] [ 85%] [32mBuilding C object CMakeFiles/custom_msgs__python.dir/rosidl_generator_py/custom_msgs/srv/_pluto_pilot_s.c.o[0m
[14.753s] [ 87%] [32m[1mLinking C shared library rosidl_generator_py/custom_msgs/libcustom_msgs__python.so[0m
[14.815s] [ 87%] Built target custom_msgs__python
[14.827s] [35m[1mScanning dependencies of target custom_msgs__rosidl_typesupport_c__pyext[0m
[14.827s] [35m[1mScanning dependencies of target custom_msgs__rosidl_typesupport_introspection_c__pyext[0m
[14.827s] [35m[1mScanning dependencies of target custom_msgs__rosidl_typesupport_fastrtps_c__pyext[0m
[14.867s] [ 89%] [32mBuilding C object CMakeFiles/custom_msgs__rosidl_typesupport_c__pyext.dir/rosidl_generator_py/custom_msgs/_custom_msgs_s.ep.rosidl_typesupport_c.c.o[0m
[14.867s] [ 91%] [32mBuilding C object CMakeFiles/custom_msgs__rosidl_typesupport_introspection_c__pyext.dir/rosidl_generator_py/custom_msgs/_custom_msgs_s.ep.rosidl_typesupport_introspection_c.c.o[0m
[14.868s] [ 93%] [32mBuilding C object CMakeFiles/custom_msgs__rosidl_typesupport_fastrtps_c__pyext.dir/rosidl_generator_py/custom_msgs/_custom_msgs_s.ep.rosidl_typesupport_fastrtps_c.c.o[0m
[14.988s] [ 95%] [32m[1mLinking CXX shared library rosidl_generator_py/custom_msgs/custom_msgs_s__rosidl_typesupport_fastrtps_c.cpython-38-x86_64-linux-gnu.so[0m
[15.029s] [ 97%] [32m[1mLinking C shared library rosidl_generator_py/custom_msgs/custom_msgs_s__rosidl_typesupport_c.cpython-38-x86_64-linux-gnu.so[0m
[15.045s] [ 97%] Built target custom_msgs__rosidl_typesupport_fastrtps_c__pyext
[15.048s] [100%] [32m[1mLinking C shared library rosidl_generator_py/custom_msgs/custom_msgs_s__rosidl_typesupport_introspection_c.cpython-38-x86_64-linux-gnu.so[0m
[15.059s] [100%] Built target custom_msgs__rosidl_typesupport_c__pyext
[15.080s] [100%] Built target custom_msgs__rosidl_typesupport_introspection_c__pyext
[15.090s] Invoked command in '/home/malay/pluto_ros2/src/pluto-ros2-package/build/custom_msgs' returned '0': CMAKE_PREFIX_PATH=/opt/ros/foxy /usr/bin/cmake --build /home/malay/pluto_ros2/src/pluto-ros2-package/build/custom_msgs -- -j8 -l8
[15.165s] Invoking command in '/home/malay/pluto_ros2/src/pluto-ros2-package/build/custom_msgs': CMAKE_PREFIX_PATH=/opt/ros/foxy /usr/bin/cmake --install /home/malay/pluto_ros2/src/pluto-ros2-package/build/custom_msgs
[15.173s] -- Install configuration: ""
[15.173s] -- Installing: /home/malay/pluto_ros2/src/pluto-ros2-package/install/custom_msgs/share/ament_index/resource_index/rosidl_interfaces/custom_msgs
[15.173s] -- Installing: /home/malay/pluto_ros2/src/pluto-ros2-package/install/custom_msgs/include/custom_msgs
[15.173s] -- Installing: /home/malay/pluto_ros2/src/pluto-ros2-package/install/custom_msgs/include/custom_msgs/msg
[15.174s] -- Installing: /home/malay/pluto_ros2/src/pluto-ros2-package/install/custom_msgs/include/custom_msgs/msg/pluto_msg_ap.h
[15.174s] -- Installing: /home/malay/pluto_ros2/src/pluto-ros2-package/install/custom_msgs/include/custom_msgs/msg/rosidl_generator_c__visibility_control.h
[15.174s] -- Installing: /home/malay/pluto_ros2/src/pluto-ros2-package/install/custom_msgs/include/custom_msgs/msg/detail
[15.174s] -- Installing: /home/malay/pluto_ros2/src/pluto-ros2-package/install/custom_msgs/include/custom_msgs/msg/detail/pluto_msg_ap__struct.h
[15.174s] -- Installing: /home/malay/pluto_ros2/src/pluto-ros2-package/install/custom_msgs/include/custom_msgs/msg/detail/pluto_msg_ap__type_support.h
[15.174s] -- Installing: /home/malay/pluto_ros2/src/pluto-ros2-package/install/custom_msgs/include/custom_msgs/msg/detail/pluto_msg__type_support.h
[15.174s] -- Installing: /home/malay/pluto_ros2/src/pluto-ros2-package/install/custom_msgs/include/custom_msgs/msg/detail/pluto_msg__functions.c
[15.174s] -- Installing: /home/malay/pluto_ros2/src/pluto-ros2-package/install/custom_msgs/include/custom_msgs/msg/detail/pluto_msg__struct.h
[15.174s] -- Installing: /home/malay/pluto_ros2/src/pluto-ros2-package/install/custom_msgs/include/custom_msgs/msg/detail/pluto_msg__functions.h
[15.174s] -- Installing: /home/malay/pluto_ros2/src/pluto-ros2-package/install/custom_msgs/include/custom_msgs/msg/detail/pluto_msg_ap__functions.h
[15.174s] -- Installing: /home/malay/pluto_ros2/src/pluto-ros2-package/install/custom_msgs/include/custom_msgs/msg/detail/pluto_msg_ap__functions.c
[15.174s] -- Installing: /home/malay/pluto_ros2/src/pluto-ros2-package/install/custom_msgs/include/custom_msgs/msg/pluto_msg.h
[15.174s] -- Installing: /home/malay/pluto_ros2/src/pluto-ros2-package/install/custom_msgs/include/custom_msgs/srv
[15.174s] -- Installing: /home/malay/pluto_ros2/src/pluto-ros2-package/install/custom_msgs/include/custom_msgs/srv/pluto_pilot.h
[15.174s] -- Installing: /home/malay/pluto_ros2/src/pluto-ros2-package/install/custom_msgs/include/custom_msgs/srv/detail
[15.174s] -- Installing: /home/malay/pluto_ros2/src/pluto-ros2-package/install/custom_msgs/include/custom_msgs/srv/detail/pluto_pilot__struct.h
[15.175s] -- Installing: /home/malay/pluto_ros2/src/pluto-ros2-package/install/custom_msgs/include/custom_msgs/srv/detail/pluto_pilot__functions.c
[15.175s] -- Installing: /home/malay/pluto_ros2/src/pluto-ros2-package/install/custom_msgs/include/custom_msgs/srv/detail/pluto_pilot__functions.h
[15.175s] -- Installing: /home/malay/pluto_ros2/src/pluto-ros2-package/install/custom_msgs/include/custom_msgs/srv/detail/pluto_pilot__type_support.h
[15.175s] -- Installing: /home/malay/pluto_ros2/src/pluto-ros2-package/install/custom_msgs/share/custom_msgs/environment/library_path.sh
[15.175s] -- Installing: /home/malay/pluto_ros2/src/pluto-ros2-package/install/custom_msgs/share/custom_msgs/environment/library_path.dsv
[15.175s] -- Installing: /home/malay/pluto_ros2/src/pluto-ros2-package/install/custom_msgs/lib/libcustom_msgs__rosidl_generator_c.so
[15.175s] -- Set runtime path of "/home/malay/pluto_ros2/src/pluto-ros2-package/install/custom_msgs/lib/libcustom_msgs__rosidl_generator_c.so" to ""
[15.175s] -- Up-to-date: /home/malay/pluto_ros2/src/pluto-ros2-package/install/custom_msgs/include/custom_msgs
[15.175s] -- Up-to-date: /home/malay/pluto_ros2/src/pluto-ros2-package/install/custom_msgs/include/custom_msgs/msg
[15.175s] -- Installing: /home/malay/pluto_ros2/src/pluto-ros2-package/install/custom_msgs/include/custom_msgs/msg/rosidl_typesupport_fastrtps_c__visibility_control.h
[15.175s] -- Up-to-date: /home/malay/pluto_ros2/src/pluto-ros2-package/install/custom_msgs/include/custom_msgs/msg/detail
[15.176s] -- Installing: /home/malay/pluto_ros2/src/pluto-ros2-package/install/custom_msgs/include/custom_msgs/msg/detail/pluto_msg__rosidl_typesupport_fastrtps_c.h
[15.176s] -- Installing: /home/malay/pluto_ros2/src/pluto-ros2-package/install/custom_msgs/include/custom_msgs/msg/detail/pluto_msg_ap__rosidl_typesupport_fastrtps_c.h
[15.176s] -- Up-to-date: /home/malay/pluto_ros2/src/pluto-ros2-package/install/custom_msgs/include/custom_msgs/srv
[15.176s] -- Up-to-date: /home/malay/pluto_ros2/src/pluto-ros2-package/install/custom_msgs/include/custom_msgs/srv/detail
[15.176s] -- Installing: /home/malay/pluto_ros2/src/pluto-ros2-package/install/custom_msgs/include/custom_msgs/srv/detail/pluto_pilot__rosidl_typesupport_fastrtps_c.h
[15.176s] -- Installing: /home/malay/pluto_ros2/src/pluto-ros2-package/install/custom_msgs/lib/libcustom_msgs__rosidl_typesupport_fastrtps_c.so
[15.176s] -- Set runtime path of "/home/malay/pluto_ros2/src/pluto-ros2-package/install/custom_msgs/lib/libcustom_msgs__rosidl_typesupport_fastrtps_c.so" to ""
[15.176s] -- Up-to-date: /home/malay/pluto_ros2/src/pluto-ros2-package/install/custom_msgs/include/custom_msgs
[15.176s] -- Up-to-date: /home/malay/pluto_ros2/src/pluto-ros2-package/install/custom_msgs/include/custom_msgs/msg
[15.176s] -- Installing: /home/malay/pluto_ros2/src/pluto-ros2-package/install/custom_msgs/include/custom_msgs/msg/rosidl_typesupport_fastrtps_cpp__visibility_control.h
[15.176s] -- Up-to-date: /home/malay/pluto_ros2/src/pluto-ros2-package/install/custom_msgs/include/custom_msgs/msg/detail
[15.176s] -- Installing: /home/malay/pluto_ros2/src/pluto-ros2-package/install/custom_msgs/include/custom_msgs/msg/detail/pluto_msg_ap__rosidl_typesupport_fastrtps_cpp.hpp
[15.176s] -- Installing: /home/malay/pluto_ros2/src/pluto-ros2-package/install/custom_msgs/include/custom_msgs/msg/detail/pluto_msg__rosidl_typesupport_fastrtps_cpp.hpp
[15.176s] -- Installing: /home/malay/pluto_ros2/src/pluto-ros2-package/install/custom_msgs/include/custom_msgs/msg/detail/dds_fastrtps
[15.176s] -- Up-to-date: /home/malay/pluto_ros2/src/pluto-ros2-package/install/custom_msgs/include/custom_msgs/srv
[15.177s] -- Up-to-date: /home/malay/pluto_ros2/src/pluto-ros2-package/install/custom_msgs/include/custom_msgs/srv/detail
[15.177s] -- Installing: /home/malay/pluto_ros2/src/pluto-ros2-package/install/custom_msgs/include/custom_msgs/srv/detail/dds_fastrtps
[15.177s] -- Installing: /home/malay/pluto_ros2/src/pluto-ros2-package/install/custom_msgs/include/custom_msgs/srv/detail/pluto_pilot__rosidl_typesupport_fastrtps_cpp.hpp
[15.177s] -- Installing: /home/malay/pluto_ros2/src/pluto-ros2-package/install/custom_msgs/lib/libcustom_msgs__rosidl_typesupport_fastrtps_cpp.so
[15.177s] -- Set runtime path of "/home/malay/pluto_ros2/src/pluto-ros2-package/install/custom_msgs/lib/libcustom_msgs__rosidl_typesupport_fastrtps_cpp.so" to ""
[15.177s] -- Up-to-date: /home/malay/pluto_ros2/src/pluto-ros2-package/install/custom_msgs/include/custom_msgs
[15.177s] -- Up-to-date: /home/malay/pluto_ros2/src/pluto-ros2-package/install/custom_msgs/include/custom_msgs/msg
[15.177s] -- Up-to-date: /home/malay/pluto_ros2/src/pluto-ros2-package/install/custom_msgs/include/custom_msgs/msg/detail
[15.177s] -- Installing: /home/malay/pluto_ros2/src/pluto-ros2-package/install/custom_msgs/include/custom_msgs/msg/detail/pluto_msg_ap__type_support.c
[15.177s] -- Installing: /home/malay/pluto_ros2/src/pluto-ros2-package/install/custom_msgs/include/custom_msgs/msg/detail/pluto_msg__type_support.c
[15.177s] -- Installing: /home/malay/pluto_ros2/src/pluto-ros2-package/install/custom_msgs/include/custom_msgs/msg/detail/pluto_msg__rosidl_typesupport_introspection_c.h
[15.177s] -- Installing: /home/malay/pluto_ros2/src/pluto-ros2-package/install/custom_msgs/include/custom_msgs/msg/detail/pluto_msg_ap__rosidl_typesupport_introspection_c.h
[15.177s] -- Installing: /home/malay/pluto_ros2/src/pluto-ros2-package/install/custom_msgs/include/custom_msgs/msg/rosidl_typesupport_introspection_c__visibility_control.h
[15.177s] -- Up-to-date: /home/malay/pluto_ros2/src/pluto-ros2-package/install/custom_msgs/include/custom_msgs/srv
[15.177s] -- Up-to-date: /home/malay/pluto_ros2/src/pluto-ros2-package/install/custom_msgs/include/custom_msgs/srv/detail
[15.177s] -- Installing: /home/malay/pluto_ros2/src/pluto-ros2-package/install/custom_msgs/include/custom_msgs/srv/detail/pluto_pilot__type_support.c
[15.178s] -- Installing: /home/malay/pluto_ros2/src/pluto-ros2-package/install/custom_msgs/include/custom_msgs/srv/detail/pluto_pilot__rosidl_typesupport_introspection_c.h
[15.178s] -- Installing: /home/malay/pluto_ros2/src/pluto-ros2-package/install/custom_msgs/lib/libcustom_msgs__rosidl_typesupport_introspection_c.so
[15.178s] -- Set runtime path of "/home/malay/pluto_ros2/src/pluto-ros2-package/install/custom_msgs/lib/libcustom_msgs__rosidl_typesupport_introspection_c.so" to ""
[15.178s] -- Installing: /home/malay/pluto_ros2/src/pluto-ros2-package/install/custom_msgs/lib/libcustom_msgs__rosidl_typesupport_c.so
[15.178s] -- Set runtime path of "/home/malay/pluto_ros2/src/pluto-ros2-package/install/custom_msgs/lib/libcustom_msgs__rosidl_typesupport_c.so" to ""
[15.178s] -- Up-to-date: /home/malay/pluto_ros2/src/pluto-ros2-package/install/custom_msgs/include/custom_msgs
[15.178s] -- Up-to-date: /home/malay/pluto_ros2/src/pluto-ros2-package/install/custom_msgs/include/custom_msgs/msg
[15.178s] -- Installing: /home/malay/pluto_ros2/src/pluto-ros2-package/install/custom_msgs/include/custom_msgs/msg/pluto_msg_ap.hpp
[15.178s] -- Installing: /home/malay/pluto_ros2/src/pluto-ros2-package/install/custom_msgs/include/custom_msgs/msg/rosidl_generator_cpp__visibility_control.hpp
[15.178s] -- Installing: /home/malay/pluto_ros2/src/pluto-ros2-package/install/custom_msgs/include/custom_msgs/msg/pluto_msg.hpp
[15.178s] -- Up-to-date: /home/malay/pluto_ros2/src/pluto-ros2-package/install/custom_msgs/include/custom_msgs/msg/detail
[15.178s] -- Installing: /home/malay/pluto_ros2/src/pluto-ros2-package/install/custom_msgs/include/custom_msgs/msg/detail/pluto_msg_ap__struct.hpp
[15.178s] -- Installing: /home/malay/pluto_ros2/src/pluto-ros2-package/install/custom_msgs/include/custom_msgs/msg/detail/pluto_msg__builder.hpp
[15.178s] -- Installing: /home/malay/pluto_ros2/src/pluto-ros2-package/install/custom_msgs/include/custom_msgs/msg/detail/pluto_msg_ap__builder.hpp
[15.178s] -- Installing: /home/malay/pluto_ros2/src/pluto-ros2-package/install/custom_msgs/include/custom_msgs/msg/detail/pluto_msg_ap__traits.hpp
[15.179s] -- Installing: /home/malay/pluto_ros2/src/pluto-ros2-package/install/custom_msgs/include/custom_msgs/msg/detail/pluto_msg__type_support.hpp
[15.179s] -- Installing: /home/malay/pluto_ros2/src/pluto-ros2-package/install/custom_msgs/include/custom_msgs/msg/detail/pluto_msg__traits.hpp
[15.179s] -- Installing: /home/malay/pluto_ros2/src/pluto-ros2-package/install/custom_msgs/include/custom_msgs/msg/detail/pluto_msg__struct.hpp
[15.179s] -- Installing: /home/malay/pluto_ros2/src/pluto-ros2-package/install/custom_msgs/include/custom_msgs/msg/detail/pluto_msg_ap__type_support.hpp
[15.179s] -- Up-to-date: /home/malay/pluto_ros2/src/pluto-ros2-package/install/custom_msgs/include/custom_msgs/srv
[15.179s] -- Up-to-date: /home/malay/pluto_ros2/src/pluto-ros2-package/install/custom_msgs/include/custom_msgs/srv/detail
[15.179s] -- Installing: /home/malay/pluto_ros2/src/pluto-ros2-package/install/custom_msgs/include/custom_msgs/srv/detail/pluto_pilot__traits.hpp
[15.179s] -- Installing: /home/malay/pluto_ros2/src/pluto-ros2-package/install/custom_msgs/include/custom_msgs/srv/detail/pluto_pilot__type_support.hpp
[15.179s] -- Installing: /home/malay/pluto_ros2/src/pluto-ros2-package/install/custom_msgs/include/custom_msgs/srv/detail/pluto_pilot__builder.hpp
[15.179s] -- Installing: /home/malay/pluto_ros2/src/pluto-ros2-package/install/custom_msgs/include/custom_msgs/srv/detail/pluto_pilot__struct.hpp
[15.179s] -- Installing: /home/malay/pluto_ros2/src/pluto-ros2-package/install/custom_msgs/include/custom_msgs/srv/pluto_pilot.hpp
[15.179s] -- Up-to-date: /home/malay/pluto_ros2/src/pluto-ros2-package/install/custom_msgs/include/custom_msgs
[15.179s] -- Up-to-date: /home/malay/pluto_ros2/src/pluto-ros2-package/install/custom_msgs/include/custom_msgs/msg
[15.179s] -- Up-to-date: /home/malay/pluto_ros2/src/pluto-ros2-package/install/custom_msgs/include/custom_msgs/msg/detail
[15.179s] -- Installing: /home/malay/pluto_ros2/src/pluto-ros2-package/install/custom_msgs/include/custom_msgs/msg/detail/pluto_msg__type_support.cpp
[15.180s] -- Installing: /home/malay/pluto_ros2/src/pluto-ros2-package/install/custom_msgs/include/custom_msgs/msg/detail/pluto_msg__rosidl_typesupport_introspection_cpp.hpp
[15.180s] -- Installing: /home/malay/pluto_ros2/src/pluto-ros2-package/install/custom_msgs/include/custom_msgs/msg/detail/pluto_msg_ap__type_support.cpp
[15.180s] -- Installing: /home/malay/pluto_ros2/src/pluto-ros2-package/install/custom_msgs/include/custom_msgs/msg/detail/pluto_msg_ap__rosidl_typesupport_introspection_cpp.hpp
[15.180s] -- Up-to-date: /home/malay/pluto_ros2/src/pluto-ros2-package/install/custom_msgs/include/custom_msgs/srv
[15.180s] -- Up-to-date: /home/malay/pluto_ros2/src/pluto-ros2-package/install/custom_msgs/include/custom_msgs/srv/detail
[15.180s] -- Installing: /home/malay/pluto_ros2/src/pluto-ros2-package/install/custom_msgs/include/custom_msgs/srv/detail/pluto_pilot__type_support.cpp
[15.180s] -- Installing: /home/malay/pluto_ros2/src/pluto-ros2-package/install/custom_msgs/include/custom_msgs/srv/detail/pluto_pilot__rosidl_typesupport_introspection_cpp.hpp
[15.180s] -- Installing: /home/malay/pluto_ros2/src/pluto-ros2-package/install/custom_msgs/lib/libcustom_msgs__rosidl_typesupport_introspection_cpp.so
[15.180s] -- Set runtime path of "/home/malay/pluto_ros2/src/pluto-ros2-package/install/custom_msgs/lib/libcustom_msgs__rosidl_typesupport_introspection_cpp.so" to ""
[15.180s] -- Installing: /home/malay/pluto_ros2/src/pluto-ros2-package/install/custom_msgs/lib/libcustom_msgs__rosidl_typesupport_cpp.so
[15.180s] -- Set runtime path of "/home/malay/pluto_ros2/src/pluto-ros2-package/install/custom_msgs/lib/libcustom_msgs__rosidl_typesupport_cpp.so" to ""
[15.180s] -- Installing: /home/malay/pluto_ros2/src/pluto-ros2-package/install/custom_msgs/share/custom_msgs/environment/pythonpath.sh
[15.180s] -- Installing: /home/malay/pluto_ros2/src/pluto-ros2-package/install/custom_msgs/share/custom_msgs/environment/pythonpath.dsv
[15.180s] -- Installing: /home/malay/pluto_ros2/src/pluto-ros2-package/install/custom_msgs/lib/python3.8/site-packages/custom_msgs/__init__.py
[15.205s] Compiling '/home/malay/pluto_ros2/src/pluto-ros2-package/install/custom_msgs/lib/python3.8/site-packages/custom_msgs/__init__.py'...
[15.209s] -- Installing: /home/malay/pluto_ros2/src/pluto-ros2-package/install/custom_msgs/lib/python3.8/site-packages/custom_msgs/msg
[15.209s] -- Installing: /home/malay/pluto_ros2/src/pluto-ros2-package/install/custom_msgs/lib/python3.8/site-packages/custom_msgs/msg/_pluto_msg.py
[15.209s] -- Installing: /home/malay/pluto_ros2/src/pluto-ros2-package/install/custom_msgs/lib/python3.8/site-packages/custom_msgs/msg/_pluto_msg_ap_s.c
[15.209s] -- Installing: /home/malay/pluto_ros2/src/pluto-ros2-package/install/custom_msgs/lib/python3.8/site-packages/custom_msgs/msg/__init__.py
[15.209s] -- Installing: /home/malay/pluto_ros2/src/pluto-ros2-package/install/custom_msgs/lib/python3.8/site-packages/custom_msgs/msg/_pluto_msg_ap.py
[15.209s] -- Installing: /home/malay/pluto_ros2/src/pluto-ros2-package/install/custom_msgs/lib/python3.8/site-packages/custom_msgs/msg/_pluto_msg_s.c
[15.209s] -- Installing: /home/malay/pluto_ros2/src/pluto-ros2-package/install/custom_msgs/lib/python3.8/site-packages/custom_msgs/srv
[15.209s] -- Installing: /home/malay/pluto_ros2/src/pluto-ros2-package/install/custom_msgs/lib/python3.8/site-packages/custom_msgs/srv/_pluto_pilot.py
[15.210s] -- Installing: /home/malay/pluto_ros2/src/pluto-ros2-package/install/custom_msgs/lib/python3.8/site-packages/custom_msgs/srv/_pluto_pilot_s.c
[15.210s] -- Installing: /home/malay/pluto_ros2/src/pluto-ros2-package/install/custom_msgs/lib/python3.8/site-packages/custom_msgs/srv/__init__.py
[15.210s] -- Installing: /home/malay/pluto_ros2/src/pluto-ros2-package/install/custom_msgs/lib/python3.8/site-packages/custom_msgs/custom_msgs_s__rosidl_typesupport_fastrtps_c.cpython-38-x86_64-linux-gnu.so
[15.210s] -- Set runtime path of "/home/malay/pluto_ros2/src/pluto-ros2-package/install/custom_msgs/lib/python3.8/site-packages/custom_msgs/custom_msgs_s__rosidl_typesupport_fastrtps_c.cpython-38-x86_64-linux-gnu.so" to ""
[15.210s] -- Installing: /home/malay/pluto_ros2/src/pluto-ros2-package/install/custom_msgs/lib/python3.8/site-packages/custom_msgs/custom_msgs_s__rosidl_typesupport_introspection_c.cpython-38-x86_64-linux-gnu.so
[15.211s] -- Set runtime path of "/home/malay/pluto_ros2/src/pluto-ros2-package/install/custom_msgs/lib/python3.8/site-packages/custom_msgs/custom_msgs_s__rosidl_typesupport_introspection_c.cpython-38-x86_64-linux-gnu.so" to ""
[15.211s] -- Installing: /home/malay/pluto_ros2/src/pluto-ros2-package/install/custom_msgs/lib/python3.8/site-packages/custom_msgs/custom_msgs_s__rosidl_typesupport_c.cpython-38-x86_64-linux-gnu.so
[15.211s] -- Set runtime path of "/home/malay/pluto_ros2/src/pluto-ros2-package/install/custom_msgs/lib/python3.8/site-packages/custom_msgs/custom_msgs_s__rosidl_typesupport_c.cpython-38-x86_64-linux-gnu.so" to ""
[15.211s] -- Installing: /home/malay/pluto_ros2/src/pluto-ros2-package/install/custom_msgs/lib/libcustom_msgs__python.so
[15.211s] -- Set runtime path of "/home/malay/pluto_ros2/src/pluto-ros2-package/install/custom_msgs/lib/libcustom_msgs__python.so" to ""
[15.211s] -- Installing: /home/malay/pluto_ros2/src/pluto-ros2-package/install/custom_msgs/share/custom_msgs/msg/PlutoMsg.idl
[15.211s] -- Installing: /home/malay/pluto_ros2/src/pluto-ros2-package/install/custom_msgs/share/custom_msgs/msg/PlutoMsgAP.idl
[15.212s] -- Installing: /home/malay/pluto_ros2/src/pluto-ros2-package/install/custom_msgs/share/custom_msgs/srv/PlutoPilot.idl
[15.212s] -- Installing: /home/malay/pluto_ros2/src/pluto-ros2-package/install/custom_msgs/share/custom_msgs/msg/PlutoMsg.msg
[15.212s] -- Installing: /home/malay/pluto_ros2/src/pluto-ros2-package/install/custom_msgs/share/custom_msgs/msg/PlutoMsgAP.msg
[15.212s] -- Installing: /home/malay/pluto_ros2/src/pluto-ros2-package/install/custom_msgs/share/custom_msgs/srv/PlutoPilot.srv
[15.212s] -- Installing: /home/malay/pluto_ros2/src/pluto-ros2-package/install/custom_msgs/share/custom_msgs/srv/PlutoPilot_Request.msg
[15.212s] -- Installing: /home/malay/pluto_ros2/src/pluto-ros2-package/install/custom_msgs/share/custom_msgs/srv/PlutoPilot_Response.msg
[15.212s] -- Installing: /home/malay/pluto_ros2/src/pluto-ros2-package/install/custom_msgs/share/ament_index/resource_index/package_run_dependencies/custom_msgs
[15.212s] -- Installing: /home/malay/pluto_ros2/src/pluto-ros2-package/install/custom_msgs/share/ament_index/resource_index/parent_prefix_path/custom_msgs
[15.212s] -- Installing: /home/malay/pluto_ros2/src/pluto-ros2-package/install/custom_msgs/share/custom_msgs/environment/ament_prefix_path.sh
[15.225s] -- Installing: /home/malay/pluto_ros2/src/pluto-ros2-package/install/custom_msgs/share/custom_msgs/environment/ament_prefix_path.dsv
[15.225s] -- Installing: /home/malay/pluto_ros2/src/pluto-ros2-package/install/custom_msgs/share/custom_msgs/environment/path.sh
[15.225s] -- Installing: /home/malay/pluto_ros2/src/pluto-ros2-package/install/custom_msgs/share/custom_msgs/environment/path.dsv
[15.225s] -- Installing: /home/malay/pluto_ros2/src/pluto-ros2-package/install/custom_msgs/share/custom_msgs/local_setup.bash
[15.225s] -- Installing: /home/malay/pluto_ros2/src/pluto-ros2-package/install/custom_msgs/share/custom_msgs/local_setup.sh
[15.225s] -- Installing: /home/malay/pluto_ros2/src/pluto-ros2-package/install/custom_msgs/share/custom_msgs/local_setup.zsh
[15.225s] -- Installing: /home/malay/pluto_ros2/src/pluto-ros2-package/install/custom_msgs/share/custom_msgs/local_setup.dsv
[15.225s] -- Installing: /home/malay/pluto_ros2/src/pluto-ros2-package/install/custom_msgs/share/custom_msgs/package.dsv
[15.225s] -- Installing: /home/malay/pluto_ros2/src/pluto-ros2-package/install/custom_msgs/share/ament_index/resource_index/packages/custom_msgs
[15.225s] -- Installing: /home/malay/pluto_ros2/src/pluto-ros2-package/install/custom_msgs/share/custom_msgs/cmake/custom_msgs__rosidl_generator_cExport.cmake
[15.225s] -- Installing: /home/malay/pluto_ros2/src/pluto-ros2-package/install/custom_msgs/share/custom_msgs/cmake/custom_msgs__rosidl_generator_cExport-noconfig.cmake
[15.226s] -- Installing: /home/malay/pluto_ros2/src/pluto-ros2-package/install/custom_msgs/share/custom_msgs/cmake/custom_msgs__rosidl_typesupport_introspection_cExport.cmake
[15.226s] -- Installing: /home/malay/pluto_ros2/src/pluto-ros2-package/install/custom_msgs/share/custom_msgs/cmake/custom_msgs__rosidl_typesupport_introspection_cExport-noconfig.cmake
[15.226s] -- Installing: /home/malay/pluto_ros2/src/pluto-ros2-package/install/custom_msgs/share/custom_msgs/cmake/custom_msgs__rosidl_typesupport_cExport.cmake
[15.226s] -- Installing: /home/malay/pluto_ros2/src/pluto-ros2-package/install/custom_msgs/share/custom_msgs/cmake/custom_msgs__rosidl_typesupport_cExport-noconfig.cmake
[15.226s] -- Installing: /home/malay/pluto_ros2/src/pluto-ros2-package/install/custom_msgs/share/custom_msgs/cmake/custom_msgs__rosidl_generator_cppExport.cmake
[15.226s] -- Installing: /home/malay/pluto_ros2/src/pluto-ros2-package/install/custom_msgs/share/custom_msgs/cmake/custom_msgs__rosidl_typesupport_introspection_cppExport.cmake
[15.226s] -- Installing: /home/malay/pluto_ros2/src/pluto-ros2-package/install/custom_msgs/share/custom_msgs/cmake/custom_msgs__rosidl_typesupport_introspection_cppExport-noconfig.cmake
[15.227s] -- Installing: /home/malay/pluto_ros2/src/pluto-ros2-package/install/custom_msgs/share/custom_msgs/cmake/custom_msgs__rosidl_typesupport_cppExport.cmake
[15.227s] -- Installing: /home/malay/pluto_ros2/src/pluto-ros2-package/install/custom_msgs/share/custom_msgs/cmake/custom_msgs__rosidl_typesupport_cppExport-noconfig.cmake
[15.227s] -- Installing: /home/malay/pluto_ros2/src/pluto-ros2-package/install/custom_msgs/share/custom_msgs/cmake/rosidl_cmake-extras.cmake
[15.227s] -- Installing: /home/malay/pluto_ros2/src/pluto-ros2-package/install/custom_msgs/share/custom_msgs/cmake/ament_cmake_export_dependencies-extras.cmake
[15.227s] -- Installing: /home/malay/pluto_ros2/src/pluto-ros2-package/install/custom_msgs/share/custom_msgs/cmake/ament_cmake_export_libraries-extras.cmake
[15.228s] -- Installing: /home/malay/pluto_ros2/src/pluto-ros2-package/install/custom_msgs/share/custom_msgs/cmake/ament_cmake_export_targets-extras.cmake
[15.228s] -- Installing: /home/malay/pluto_ros2/src/pluto-ros2-package/install/custom_msgs/share/custom_msgs/cmake/ament_cmake_export_include_directories-extras.cmake
[15.228s] -- Installing: /home/malay/pluto_ros2/src/pluto-ros2-package/install/custom_msgs/share/custom_msgs/cmake/rosidl_cmake_export_typesupport_libraries-extras.cmake
[15.228s] -- Installing: /home/malay/pluto_ros2/src/pluto-ros2-package/install/custom_msgs/share/custom_msgs/cmake/rosidl_cmake_export_typesupport_targets-extras.cmake
[15.228s] -- Installing: /home/malay/pluto_ros2/src/pluto-ros2-package/install/custom_msgs/share/custom_msgs/cmake/custom_msgsConfig.cmake
[15.228s] -- Installing: /home/malay/pluto_ros2/src/pluto-ros2-package/install/custom_msgs/share/custom_msgs/cmake/custom_msgsConfig-version.cmake
[15.228s] -- Installing: /home/malay/pluto_ros2/src/pluto-ros2-package/install/custom_msgs/share/custom_msgs/package.xml
[15.230s] Invoked command in '/home/malay/pluto_ros2/src/pluto-ros2-package/build/custom_msgs' returned '0': CMAKE_PREFIX_PATH=/opt/ros/foxy /usr/bin/cmake --install /home/malay/pluto_ros2/src/pluto-ros2-package/build/custom_msgs
