/home/malay/pluto_ros2/src/pluto-ros2-package/install/plutoserver/lib/python3.8/site-packages/plutoserver/RequestData.py
/home/malay/pluto_ros2/src/pluto-ros2-package/install/plutoserver/lib/python3.8/site-packages/plutoserver/PlutoServer.py
/home/malay/pluto_ros2/src/pluto-ros2-package/install/plutoserver/lib/python3.8/site-packages/plutoserver/key_handling.py
/home/malay/pluto_ros2/src/pluto-ros2-package/install/plutoserver/lib/python3.8/site-packages/plutoserver/key_command.py
/home/malay/pluto_ros2/src/pluto-ros2-package/install/plutoserver/lib/python3.8/site-packages/plutoserver/__init__.py
/home/malay/pluto_ros2/src/pluto-ros2-package/install/plutoserver/lib/python3.8/site-packages/plutoserver/readInput.py
/home/malay/pluto_ros2/src/pluto-ros2-package/install/plutoserver/lib/python3.8/site-packages/plutoserver/__pycache__/RequestData.cpython-38.pyc
/home/malay/pluto_ros2/src/pluto-ros2-package/install/plutoserver/lib/python3.8/site-packages/plutoserver/__pycache__/PlutoServer.cpython-38.pyc
/home/malay/pluto_ros2/src/pluto-ros2-package/install/plutoserver/lib/python3.8/site-packages/plutoserver/__pycache__/key_handling.cpython-38.pyc
/home/malay/pluto_ros2/src/pluto-ros2-package/install/plutoserver/lib/python3.8/site-packages/plutoserver/__pycache__/key_command.cpython-38.pyc
/home/malay/pluto_ros2/src/pluto-ros2-package/install/plutoserver/lib/python3.8/site-packages/plutoserver/__pycache__/__init__.cpython-38.pyc
/home/malay/pluto_ros2/src/pluto-ros2-package/install/plutoserver/lib/python3.8/site-packages/plutoserver/__pycache__/readInput.cpython-38.pyc
/home/malay/pluto_ros2/src/pluto-ros2-package/install/plutoserver/share/ament_index/resource_index/packages/plutoserver
/home/malay/pluto_ros2/src/pluto-ros2-package/install/plutoserver/share/plutoserver/package.xml
/home/malay/pluto_ros2/src/pluto-ros2-package/install/plutoserver/share/plutoserver/launch/drone_comb.launch.py
/home/malay/pluto_ros2/src/pluto-ros2-package/install/plutoserver/lib/python3.8/site-packages/plutoserver-0.0.0-py3.8.egg-info/top_level.txt
/home/malay/pluto_ros2/src/pluto-ros2-package/install/plutoserver/lib/python3.8/site-packages/plutoserver-0.0.0-py3.8.egg-info/SOURCES.txt
/home/malay/pluto_ros2/src/pluto-ros2-package/install/plutoserver/lib/python3.8/site-packages/plutoserver-0.0.0-py3.8.egg-info/zip-safe
/home/malay/pluto_ros2/src/pluto-ros2-package/install/plutoserver/lib/python3.8/site-packages/plutoserver-0.0.0-py3.8.egg-info/entry_points.txt
/home/malay/pluto_ros2/src/pluto-ros2-package/install/plutoserver/lib/python3.8/site-packages/plutoserver-0.0.0-py3.8.egg-info/requires.txt
/home/malay/pluto_ros2/src/pluto-ros2-package/install/plutoserver/lib/python3.8/site-packages/plutoserver-0.0.0-py3.8.egg-info/PKG-INFO
/home/malay/pluto_ros2/src/pluto-ros2-package/install/plutoserver/lib/python3.8/site-packages/plutoserver-0.0.0-py3.8.egg-info/dependency_links.txt
/home/malay/pluto_ros2/src/pluto-ros2-package/install/plutoserver/lib/plutoserver/keyCommand
/home/malay/pluto_ros2/src/pluto-ros2-package/install/plutoserver/lib/plutoserver/keyHandling
/home/malay/pluto_ros2/src/pluto-ros2-package/install/plutoserver/lib/plutoserver/plutoreceivedata
/home/malay/pluto_ros2/src/pluto-ros2-package/install/plutoserver/lib/plutoserver/plutoserver
