/home/malay/pluto_ros2/src/pluto-ros2-package/install/plutodrone/lib/python3.8/site-packages/plutodrone/Common.py
/home/malay/pluto_ros2/src/pluto-ros2-package/install/plutodrone/lib/python3.8/site-packages/plutodrone/Communication.py
/home/malay/pluto_ros2/src/pluto-ros2-package/install/plutodrone/lib/python3.8/site-packages/plutodrone/__init__.py
/home/malay/pluto_ros2/src/pluto-ros2-package/install/plutodrone/lib/python3.8/site-packages/plutodrone/PlutoNode.py
/home/malay/pluto_ros2/src/pluto-ros2-package/install/plutodrone/lib/python3.8/site-packages/plutodrone/Protocol.py
/home/malay/pluto_ros2/src/pluto-ros2-package/install/plutodrone/lib/python3.8/site-packages/plutodrone/__pycache__/Common.cpython-38.pyc
/home/malay/pluto_ros2/src/pluto-ros2-package/install/plutodrone/lib/python3.8/site-packages/plutodrone/__pycache__/Communication.cpython-38.pyc
/home/malay/pluto_ros2/src/pluto-ros2-package/install/plutodrone/lib/python3.8/site-packages/plutodrone/__pycache__/__init__.cpython-38.pyc
/home/malay/pluto_ros2/src/pluto-ros2-package/install/plutodrone/lib/python3.8/site-packages/plutodrone/__pycache__/PlutoNode.cpython-38.pyc
/home/malay/pluto_ros2/src/pluto-ros2-package/install/plutodrone/lib/python3.8/site-packages/plutodrone/__pycache__/Protocol.cpython-38.pyc
/home/malay/pluto_ros2/src/pluto-ros2-package/install/plutodrone/share/ament_index/resource_index/packages/plutodrone
/home/malay/pluto_ros2/src/pluto-ros2-package/install/plutodrone/share/plutodrone/package.xml
/home/malay/pluto_ros2/src/pluto-ros2-package/install/plutodrone/lib/python3.8/site-packages/plutodrone-0.0.0-py3.8.egg-info/top_level.txt
/home/malay/pluto_ros2/src/pluto-ros2-package/install/plutodrone/lib/python3.8/site-packages/plutodrone-0.0.0-py3.8.egg-info/SOURCES.txt
/home/malay/pluto_ros2/src/pluto-ros2-package/install/plutodrone/lib/python3.8/site-packages/plutodrone-0.0.0-py3.8.egg-info/zip-safe
/home/malay/pluto_ros2/src/pluto-ros2-package/install/plutodrone/lib/python3.8/site-packages/plutodrone-0.0.0-py3.8.egg-info/entry_points.txt
/home/malay/pluto_ros2/src/pluto-ros2-package/install/plutodrone/lib/python3.8/site-packages/plutodrone-0.0.0-py3.8.egg-info/requires.txt
/home/malay/pluto_ros2/src/pluto-ros2-package/install/plutodrone/lib/python3.8/site-packages/plutodrone-0.0.0-py3.8.egg-info/PKG-INFO
/home/malay/pluto_ros2/src/pluto-ros2-package/install/plutodrone/lib/python3.8/site-packages/plutodrone-0.0.0-py3.8.egg-info/dependency_links.txt
/home/malay/pluto_ros2/src/pluto-ros2-package/install/plutodrone/lib/plutodrone/plutonode
